Using pre-set license
Built from '2021.3/staging' branch; Version is '2021.3.10f1 (1c7d0df0160b) revision 1867021'; Using compiler version '192829333'; Build Type 'Release'
OS: 'Windows 10  (10.0.19043) 64bit Professional' Language: 'en' Physical Memory: 8157 MB
BatchMode: 1, IsHumanControllingUs: 0, StartBugReporterOnCrash: 0, Is64bit: 1, IsPro: 1

COMMAND LINE ARGUMENTS:
D:\unity\Unity Hub\Editor\2021.3.10f1\Editor\Unity.exe
-adb2
-batchMode
-noUpm
-name
AssetImportWorker13
-projectPath
D:/git/Survive-From-Girlfriend/SFGF
-logFile
Logs/AssetImportWorker13.log
-srvPort
3483
Successfully changed project path to: D:/git/Survive-From-Girlfriend/SFGF
D:/git/Survive-From-Girlfriend/SFGF
[UnityMemory] Configuration Parameters - Can be set up in boot.config
    "memorysetup-bucket-allocator-granularity=16"
    "memorysetup-bucket-allocator-bucket-count=8"
    "memorysetup-bucket-allocator-block-size=33554432"
    "memorysetup-bucket-allocator-block-count=8"
    "memorysetup-main-allocator-block-size=16777216"
    "memorysetup-thread-allocator-block-size=16777216"
    "memorysetup-gfx-main-allocator-block-size=16777216"
    "memorysetup-gfx-thread-allocator-block-size=16777216"
    "memorysetup-cache-allocator-block-size=4194304"
    "memorysetup-typetree-allocator-block-size=2097152"
    "memorysetup-profiler-bucket-allocator-granularity=16"
    "memorysetup-profiler-bucket-allocator-bucket-count=8"
    "memorysetup-profiler-bucket-allocator-block-size=33554432"
    "memorysetup-profiler-bucket-allocator-block-count=8"
    "memorysetup-profiler-allocator-block-size=16777216"
    "memorysetup-profiler-editor-allocator-block-size=1048576"
    "memorysetup-temp-allocator-size-main=16777216"
    "memorysetup-job-temp-allocator-block-size=2097152"
    "memorysetup-job-temp-allocator-block-size-background=1048576"
    "memorysetup-job-temp-allocator-reduction-small-platforms=262144"
    "memorysetup-temp-allocator-size-background-worker=32768"
    "memorysetup-temp-allocator-size-job-worker=262144"
    "memorysetup-temp-allocator-size-preload-manager=33554432"
    "memorysetup-temp-allocator-size-nav-mesh-worker=65536"
    "memorysetup-temp-allocator-size-audio-worker=65536"
    "memorysetup-temp-allocator-size-cloud-worker=32768"
    "memorysetup-temp-allocator-size-gi-baking-worker=262144"
    "memorysetup-temp-allocator-size-gfx=262144"
Refreshing native plugins compatible for Editor in 491.79 ms, found 3 plugins.
Preloading 0 native plugins for Editor in 0.00 ms.
Initialize engine version: 2021.3.10f1 (1c7d0df0160b)
[Subsystems] Discovering subsystems at path D:/unity/Unity Hub/Editor/2021.3.10f1/Editor/Data/Resources/UnitySubsystems
[Subsystems] Discovering subsystems at path D:/git/Survive-From-Girlfriend/SFGF/Assets
GfxDevice: creating device client; threaded=0; jobified=0
Direct3D:
    Version:  Direct3D 11.0 [level 11.1]
    Renderer: NVIDIA GeForce GTX 1050 (ID=0x1c81)
    Vendor:   NVIDIA
    VRAM:     1977 MB
    Driver:   30.0.15.1215
Initialize mono
Mono path[0] = 'D:/unity/Unity Hub/Editor/2021.3.10f1/Editor/Data/Managed'
Mono path[1] = 'D:/unity/Unity Hub/Editor/2021.3.10f1/Editor/Data/MonoBleedingEdge/lib/mono/unityjit-win32'
Mono config path = 'D:/unity/Unity Hub/Editor/2021.3.10f1/Editor/Data/MonoBleedingEdge/etc'
Using monoOptions --debugger-agent=transport=dt_socket,embedding=1,server=y,suspend=n,address=127.0.0.1:56228
Begin MonoManager ReloadAssembly
Registering precompiled unity dll's ...
Register platform support module: D:/unity/Unity Hub/Editor/2021.3.10f1/Editor/Data/PlaybackEngines/WebGLSupport/UnityEditor.WebGL.Extensions.dll
Register platform support module: D:/unity/Unity Hub/Editor/2021.3.10f1/Editor/Data/PlaybackEngines/WindowsStandaloneSupport/UnityEditor.WindowsStandalone.Extensions.dll
Registered in 0.024205 seconds.
Native extension for WindowsStandalone target not found
Native extension for WebGL target not found
Refreshing native plugins compatible for Editor in 333.65 ms, found 3 plugins.
Preloading 0 native plugins for Editor in 0.00 ms.
Mono: successfully reloaded assembly
- Completed reload, in  3.180 seconds
Domain Reload Profiling:
	ReloadAssembly (3180ms)
		BeginReloadAssembly (338ms)
			ExecutionOrderSort (0ms)
			DisableScriptedObjects (0ms)
			BackupInstance (0ms)
			ReleaseScriptingObjects (0ms)
			CreateAndSetChildDomain (1ms)
		EndReloadAssembly (2269ms)
			LoadAssemblies (363ms)
			RebuildTransferFunctionScriptingTraits (1ms)
			SetupTypeCache (621ms)
			ReleaseScriptCaches (0ms)
			RebuildScriptCaches (236ms)
			SetupLoadedEditorAssemblies (989ms)
				LogAssemblyErrors (0ms)
				InitializePlatformSupportModulesInManaged (44ms)
				SetLoadedEditorAssemblies (1ms)
				RefreshPlugins (334ms)
				BeforeProcessingInitializeOnLoad (2ms)
				ProcessInitializeOnLoadAttributes (459ms)
				ProcessInitializeOnLoadMethodAttributes (149ms)
				AfterProcessingInitializeOnLoad (0ms)
				EditorAssembliesLoaded (0ms)
			ExecutionOrderSort2 (0ms)
			AwakeInstancesAfterBackupRestoration (0ms)
Platform modules already initialized, skipping
Registering precompiled user dll's ...
Registered in 0.013891 seconds.
Begin MonoManager ReloadAssembly
Symbol file LoadedFromMemory doesn't match image D:\git\Survive-From-Girlfriend\SFGF\Library\PackageCache\com.unity.visualscripting@1.7.8\Editor\VisualScripting.Core\Dependencies\YamlDotNet\Unity.VisualScripting.YamlDotNet.dll
Symbol file LoadedFromMemory doesn't match image D:\git\Survive-From-Girlfriend\SFGF\Library\PackageCache\com.unity.visualscripting@1.7.8\Editor\VisualScripting.Core\Dependencies\DotNetZip\Unity.VisualScripting.IonicZip.dll
Native extension for WindowsStandalone target not found
Native extension for WebGL target not found
Refreshing native plugins compatible for Editor in 276.11 ms, found 3 plugins.
Preloading 0 native plugins for Editor in 0.00 ms.
Mono: successfully reloaded assembly
- Completed reload, in  3.930 seconds
Domain Reload Profiling:
	ReloadAssembly (3931ms)
		BeginReloadAssembly (506ms)
			ExecutionOrderSort (0ms)
			DisableScriptedObjects (23ms)
			BackupInstance (0ms)
			ReleaseScriptingObjects (0ms)
			CreateAndSetChildDomain (40ms)
		EndReloadAssembly (3167ms)
			LoadAssemblies (228ms)
			RebuildTransferFunctionScriptingTraits (0ms)
			SetupTypeCache (756ms)
			ReleaseScriptCaches (1ms)
			RebuildScriptCaches (296ms)
			SetupLoadedEditorAssemblies (1861ms)
				LogAssemblyErrors (0ms)
				InitializePlatformSupportModulesInManaged (6ms)
				SetLoadedEditorAssemblies (0ms)
				RefreshPlugins (276ms)
				BeforeProcessingInitializeOnLoad (171ms)
				ProcessInitializeOnLoadAttributes (1257ms)
				ProcessInitializeOnLoadMethodAttributes (146ms)
				AfterProcessingInitializeOnLoad (4ms)
				EditorAssembliesLoaded (0ms)
			ExecutionOrderSort2 (0ms)
			AwakeInstancesAfterBackupRestoration (16ms)
Platform modules already initialized, skipping
========================================================================
Worker process is ready to serve import requests
Launched and connected shader compiler UnityShaderCompiler.exe after 0.57 seconds
Refreshing native plugins compatible for Editor in 3.00 ms, found 3 plugins.
Preloading 0 native plugins for Editor in 0.00 ms.
Unloading 5272 Unused Serialized files (Serialized files now loaded: 0)
Unloading 55 unused Assets / (2.4 MB). Loaded Objects now: 5734.
Memory consumption went from 196.3 MB to 193.9 MB.
Total: 4.635400 ms (FindLiveObjects: 0.481800 ms CreateObjectMapping: 0.410600 ms MarkObjects: 3.067000 ms  DeleteObjects: 0.675200 ms)

AssetImportParameters requested are different than current active one (requested -> active):
  custom:video-decoder-ogg-theora: a1e56fd34408186e4bbccfd4996cb3dc -> 
  custom:container-muxer-webm: aa71ff27fc2769a1b78a27578f13a17b -> 
  custom:container-demuxer-webm: 4f35f7cbe854078d1ac9338744f61a02 -> 
  custom:video-encoder-webm-vp8: eb34c28f22e8b96e1ab97ce403110664 -> 
  custom:video-codec-MediaFoundation-h265: 746d11721c4dcdbdad8f713fa42b33f4 -> 
  custom:audio-encoder-webm-vorbis: bf7c407c2cedff20999df2af8eb42d56 -> 
  custom:framework-win-MediaFoundation: 216162199b28c13a410421893ffa2e32 -> 
  custom:container-demuxer-ogg: 62fdf1f143b41e24485cea50d1cbac27 -> 
  custom:video-decoder-webm-vp8: 9c59270c3fd7afecdb556c50c9e8de78 -> 
  custom:audio-decoder-ogg-vorbis: bf7c407c2cedff20999df2af8eb42d56 -> 
========================================================================
Received Import Request.
  Time since last request: 112623.013778 seconds.
  path: Assets/images/Dead Screen And Front/A1.GIF
  artifactKey: Guid(526cbd0ae51226e4994c057b2b504d46) Importer(815301076,1909f56bfc062723c751e8b465ee728b)
Start importing Assets/images/Dead Screen And Front/A1.GIF using Guid(526cbd0ae51226e4994c057b2b504d46) Importer(815301076,1909f56bfc062723c751e8b465ee728b)  -> (artifact id: 'ee0b40fab844589c90605de28f8ccd55') in 0.394656 seconds 
========================================================================
Received Import Request.
  Time since last request: 0.000066 seconds.
  path: Assets/images/Dead Screen And Front/S1.GIF
  artifactKey: Guid(233375d4953cfcb4d9e7ce343e39bfd6) Importer(815301076,1909f56bfc062723c751e8b465ee728b)
Start importing Assets/images/Dead Screen And Front/S1.GIF using Guid(233375d4953cfcb4d9e7ce343e39bfd6) Importer(815301076,1909f56bfc062723c751e8b465ee728b)  -> (artifact id: '32ae12fa9cefe480cfc9c71ce1119392') in 0.026609 seconds 
========================================================================
Received Import Request.
  Time since last request: 0.000068 seconds.
  path: Assets/images/Dead Screen And Front/S2.GIF
  artifactKey: Guid(b8e3dce727693ea43b03824c85ee6dc9) Importer(815301076,1909f56bfc062723c751e8b465ee728b)
Start importing Assets/images/Dead Screen And Front/S2.GIF using Guid(b8e3dce727693ea43b03824c85ee6dc9) Importer(815301076,1909f56bfc062723c751e8b465ee728b)  -> (artifact id: 'ac43688ca82566ea31af0f2e14923dd3') in 0.083214 seconds 
========================================================================
Received Import Request.
  Time since last request: 0.000024 seconds.
  path: Assets/images/Dead Screen And Front/A3.GIF
  artifactKey: Guid(3c6d8a3adeed89540ad5f7c9d66ce038) Importer(815301076,1909f56bfc062723c751e8b465ee728b)
Start importing Assets/images/Dead Screen And Front/A3.GIF using Guid(3c6d8a3adeed89540ad5f7c9d66ce038) Importer(815301076,1909f56bfc062723c751e8b465ee728b)  -> (artifact id: 'df3a760f005b93d5616b7c9335c9732f') in 0.600667 seconds 
========================================================================
Received Import Request.
  Time since last request: 0.000036 seconds.
  path: Assets/images/Dead Screen And Front/S3.GIF
  artifactKey: Guid(b063f6045e92ab9488cc4df1b1f18f91) Importer(815301076,1909f56bfc062723c751e8b465ee728b)
Start importing Assets/images/Dead Screen And Front/S3.GIF using Guid(b063f6045e92ab9488cc4df1b1f18f91) Importer(815301076,1909f56bfc062723c751e8b465ee728b)  -> (artifact id: '744e461d9391ca0f86ea58f370608bb2') in 0.024651 seconds 
========================================================================
Received Import Request.
  Time since last request: 0.000046 seconds.
  path: Assets/images/Dead Screen And Front/A2.GIF
  artifactKey: Guid(ad218e4af880ce042aac6a8593636882) Importer(815301076,1909f56bfc062723c751e8b465ee728b)
Start importing Assets/images/Dead Screen And Front/A2.GIF using Guid(ad218e4af880ce042aac6a8593636882) Importer(815301076,1909f56bfc062723c751e8b465ee728b)  -> (artifact id: '27e37a04f13536cf2958fd95dd4893a6') in 0.129788 seconds 
========================================================================
Received Import Request.
  Time since last request: 0.000035 seconds.
  path: Assets/images/Dead Screen And Front/BG.PNG
  artifactKey: Guid(d1596d2e8d3f6a24da2b7a623097eafc) Importer(815301076,1909f56bfc062723c751e8b465ee728b)
Start importing Assets/images/Dead Screen And Front/BG.PNG using Guid(d1596d2e8d3f6a24da2b7a623097eafc) Importer(815301076,1909f56bfc062723c751e8b465ee728b)  -> (artifact id: '09848c72490c2fa094155c6354741476') in 0.117645 seconds 
========================================================================
Received Import Request.
  Time since last request: 10.840044 seconds.
  path: Assets/Script/spawncode/spawnGF.cs
  artifactKey: Guid(8b72903fc6a22ae4db3956a21602835c) Importer(815301076,1909f56bfc062723c751e8b465ee728b)
Start importing Assets/Script/spawncode/spawnGF.cs using Guid(8b72903fc6a22ae4db3956a21602835c) Importer(815301076,1909f56bfc062723c751e8b465ee728b)  -> (artifact id: 'f4de9a25e5aa98564a0757a54898e4b8') in 0.972687 seconds 
========================================================================
Received Prepare
Registering precompiled user dll's ...
Registered in 0.004481 seconds.
