Using pre-set license
Built from '2021.3/staging' branch; Version is '2021.3.10f1 (1c7d0df0160b) revision 1867021'; Using compiler version '192829333'; Build Type 'Release'
OS: 'Windows 10  (10.0.19043) 64bit Professional' Language: 'en' Physical Memory: 8157 MB
BatchMode: 1, IsHumanControllingUs: 0, StartBugReporterOnCrash: 0, Is64bit: 1, IsPro: 1

COMMAND LINE ARGUMENTS:
D:\unity\Unity Hub\Editor\2021.3.10f1\Editor\Unity.exe
-adb2
-batchMode
-noUpm
-name
AssetImportWorker0
-projectPath
D:/git/Survive-From-Girlfriend/SFGF
-logFile
Logs/AssetImportWorker0.log
-srvPort
13387
Successfully changed project path to: D:/git/Survive-From-Girlfriend/SFGF
D:/git/Survive-From-Girlfriend/SFGF
[UnityMemory] Configuration Parameters - Can be set up in boot.config
    "memorysetup-bucket-allocator-granularity=16"
    "memorysetup-bucket-allocator-bucket-count=8"
    "memorysetup-bucket-allocator-block-size=33554432"
    "memorysetup-bucket-allocator-block-count=8"
    "memorysetup-main-allocator-block-size=16777216"
    "memorysetup-thread-allocator-block-size=16777216"
    "memorysetup-gfx-main-allocator-block-size=16777216"
    "memorysetup-gfx-thread-allocator-block-size=16777216"
    "memorysetup-cache-allocator-block-size=4194304"
    "memorysetup-typetree-allocator-block-size=2097152"
    "memorysetup-profiler-bucket-allocator-granularity=16"
    "memorysetup-profiler-bucket-allocator-bucket-count=8"
    "memorysetup-profiler-bucket-allocator-block-size=33554432"
    "memorysetup-profiler-bucket-allocator-block-count=8"
    "memorysetup-profiler-allocator-block-size=16777216"
    "memorysetup-profiler-editor-allocator-block-size=1048576"
    "memorysetup-temp-allocator-size-main=16777216"
    "memorysetup-job-temp-allocator-block-size=2097152"
    "memorysetup-job-temp-allocator-block-size-background=1048576"
    "memorysetup-job-temp-allocator-reduction-small-platforms=262144"
    "memorysetup-temp-allocator-size-background-worker=32768"
    "memorysetup-temp-allocator-size-job-worker=262144"
    "memorysetup-temp-allocator-size-preload-manager=33554432"
    "memorysetup-temp-allocator-size-nav-mesh-worker=65536"
    "memorysetup-temp-allocator-size-audio-worker=65536"
    "memorysetup-temp-allocator-size-cloud-worker=32768"
    "memorysetup-temp-allocator-size-gi-baking-worker=262144"
    "memorysetup-temp-allocator-size-gfx=262144"
Refreshing native plugins compatible for Editor in 119.91 ms, found 3 plugins.
Preloading 0 native plugins for Editor in 0.00 ms.
Initialize engine version: 2021.3.10f1 (1c7d0df0160b)
[Subsystems] Discovering subsystems at path D:/unity/Unity Hub/Editor/2021.3.10f1/Editor/Data/Resources/UnitySubsystems
[Subsystems] Discovering subsystems at path D:/git/Survive-From-Girlfriend/SFGF/Assets
GfxDevice: creating device client; threaded=0; jobified=0
Direct3D:
    Version:  Direct3D 11.0 [level 11.1]
    Renderer: NVIDIA GeForce GTX 1050 (ID=0x1c81)
    Vendor:   NVIDIA
    VRAM:     1977 MB
    Driver:   30.0.15.1215
Initialize mono
Mono path[0] = 'D:/unity/Unity Hub/Editor/2021.3.10f1/Editor/Data/Managed'
Mono path[1] = 'D:/unity/Unity Hub/Editor/2021.3.10f1/Editor/Data/MonoBleedingEdge/lib/mono/unityjit-win32'
Mono config path = 'D:/unity/Unity Hub/Editor/2021.3.10f1/Editor/Data/MonoBleedingEdge/etc'
Using monoOptions --debugger-agent=transport=dt_socket,embedding=1,server=y,suspend=n,address=127.0.0.1:56196
Begin MonoManager ReloadAssembly
Registering precompiled unity dll's ...
Register platform support module: D:/unity/Unity Hub/Editor/2021.3.10f1/Editor/Data/PlaybackEngines/WebGLSupport/UnityEditor.WebGL.Extensions.dll
Register platform support module: D:/unity/Unity Hub/Editor/2021.3.10f1/Editor/Data/PlaybackEngines/WindowsStandaloneSupport/UnityEditor.WindowsStandalone.Extensions.dll
Registered in 0.004350 seconds.
Native extension for WindowsStandalone target not found
Native extension for WebGL target not found
Refreshing native plugins compatible for Editor in 128.59 ms, found 3 plugins.
Preloading 0 native plugins for Editor in 0.00 ms.
Mono: successfully reloaded assembly
- Completed reload, in  0.865 seconds
Domain Reload Profiling:
	ReloadAssembly (865ms)
		BeginReloadAssembly (85ms)
			ExecutionOrderSort (0ms)
			DisableScriptedObjects (0ms)
			BackupInstance (0ms)
			ReleaseScriptingObjects (0ms)
			CreateAndSetChildDomain (1ms)
		EndReloadAssembly (642ms)
			LoadAssemblies (84ms)
			RebuildTransferFunctionScriptingTraits (0ms)
			SetupTypeCache (155ms)
			ReleaseScriptCaches (0ms)
			RebuildScriptCaches (43ms)
			SetupLoadedEditorAssemblies (377ms)
				LogAssemblyErrors (0ms)
				InitializePlatformSupportModulesInManaged (13ms)
				SetLoadedEditorAssemblies (0ms)
				RefreshPlugins (129ms)
				BeforeProcessingInitializeOnLoad (2ms)
				ProcessInitializeOnLoadAttributes (178ms)
				ProcessInitializeOnLoadMethodAttributes (55ms)
				AfterProcessingInitializeOnLoad (0ms)
				EditorAssembliesLoaded (0ms)
			ExecutionOrderSort2 (0ms)
			AwakeInstancesAfterBackupRestoration (0ms)
Platform modules already initialized, skipping
Registering precompiled user dll's ...
Registered in 0.005090 seconds.
Begin MonoManager ReloadAssembly
Symbol file LoadedFromMemory doesn't match image D:\git\Survive-From-Girlfriend\SFGF\Library\PackageCache\com.unity.visualscripting@1.7.8\Editor\VisualScripting.Core\Dependencies\YamlDotNet\Unity.VisualScripting.YamlDotNet.dll
Symbol file LoadedFromMemory doesn't match image D:\git\Survive-From-Girlfriend\SFGF\Library\PackageCache\com.unity.visualscripting@1.7.8\Editor\VisualScripting.Core\Dependencies\DotNetZip\Unity.VisualScripting.IonicZip.dll
Native extension for WindowsStandalone target not found
Native extension for WebGL target not found
Refreshing native plugins compatible for Editor in 0.78 ms, found 3 plugins.
Preloading 0 native plugins for Editor in 0.00 ms.
Mono: successfully reloaded assembly
- Completed reload, in  1.560 seconds
Domain Reload Profiling:
	ReloadAssembly (1561ms)
		BeginReloadAssembly (121ms)
			ExecutionOrderSort (0ms)
			DisableScriptedObjects (7ms)
			BackupInstance (0ms)
			ReleaseScriptingObjects (0ms)
			CreateAndSetChildDomain (22ms)
		EndReloadAssembly (1257ms)
			LoadAssemblies (100ms)
			RebuildTransferFunctionScriptingTraits (0ms)
			SetupTypeCache (414ms)
			ReleaseScriptCaches (1ms)
			RebuildScriptCaches (85ms)
			SetupLoadedEditorAssemblies (557ms)
				LogAssemblyErrors (0ms)
				InitializePlatformSupportModulesInManaged (9ms)
				SetLoadedEditorAssemblies (1ms)
				RefreshPlugins (1ms)
				BeforeProcessingInitializeOnLoad (124ms)
				ProcessInitializeOnLoadAttributes (379ms)
				ProcessInitializeOnLoadMethodAttributes (39ms)
				AfterProcessingInitializeOnLoad (4ms)
				EditorAssembliesLoaded (0ms)
			ExecutionOrderSort2 (0ms)
			AwakeInstancesAfterBackupRestoration (8ms)
Platform modules already initialized, skipping
========================================================================
Worker process is ready to serve import requests
Launched and connected shader compiler UnityShaderCompiler.exe after 0.24 seconds
Refreshing native plugins compatible for Editor in 0.81 ms, found 3 plugins.
Preloading 0 native plugins for Editor in 0.00 ms.
Unloading 3741 Unused Serialized files (Serialized files now loaded: 0)
Unloading 52 unused Assets / (1.4 MB). Loaded Objects now: 4203.
Memory consumption went from 145.8 MB to 144.4 MB.
Total: 4.669700 ms (FindLiveObjects: 0.805000 ms CreateObjectMapping: 0.452900 ms MarkObjects: 3.070100 ms  DeleteObjects: 0.340200 ms)

AssetImportParameters requested are different than current active one (requested -> active):
  custom:video-decoder-ogg-theora: a1e56fd34408186e4bbccfd4996cb3dc -> 
  custom:container-muxer-webm: aa71ff27fc2769a1b78a27578f13a17b -> 
  custom:container-demuxer-webm: 4f35f7cbe854078d1ac9338744f61a02 -> 
  custom:video-encoder-webm-vp8: eb34c28f22e8b96e1ab97ce403110664 -> 
  custom:video-codec-MediaFoundation-h265: 746d11721c4dcdbdad8f713fa42b33f4 -> 
  custom:audio-encoder-webm-vorbis: bf7c407c2cedff20999df2af8eb42d56 -> 
  custom:framework-win-MediaFoundation: 216162199b28c13a410421893ffa2e32 -> 
  custom:container-demuxer-ogg: 62fdf1f143b41e24485cea50d1cbac27 -> 
  custom:video-decoder-webm-vp8: 9c59270c3fd7afecdb556c50c9e8de78 -> 
  custom:audio-decoder-ogg-vorbis: bf7c407c2cedff20999df2af8eb42d56 -> 
========================================================================
Received Import Request.
  Time since last request: 85041.718471 seconds.
  path: Assets/images/toss a coin.png
  artifactKey: Guid(0bce14b1852479b4892ead55478b99da) Importer(815301076,1909f56bfc062723c751e8b465ee728b)
Start importing Assets/images/toss a coin.png using Guid(0bce14b1852479b4892ead55478b99da) Importer(815301076,1909f56bfc062723c751e8b465ee728b)  -> (artifact id: 'f2d0d6412763b5b5ec16e471b77d188b') in 0.122504 seconds 
========================================================================
Received Import Request.
  Time since last request: 0.000022 seconds.
  path: Assets/images/bulb.png
  artifactKey: Guid(7667a9e98252de54e92485c5b15dd463) Importer(815301076,1909f56bfc062723c751e8b465ee728b)
Start importing Assets/images/bulb.png using Guid(7667a9e98252de54e92485c5b15dd463) Importer(815301076,1909f56bfc062723c751e8b465ee728b)  -> (artifact id: '2fa4dadf33af04df02d651c2a48138c7') in 0.007403 seconds 
========================================================================
Received Import Request.
  Time since last request: 0.000020 seconds.
  path: Assets/images/pause2.png
  artifactKey: Guid(985af6c08d51d9441b8d36c89eda39d3) Importer(815301076,1909f56bfc062723c751e8b465ee728b)
Start importing Assets/images/pause2.png using Guid(985af6c08d51d9441b8d36c89eda39d3) Importer(815301076,1909f56bfc062723c751e8b465ee728b)  -> (artifact id: 'fa4f36d26fd6db08d94f10a24c701e81') in 0.010546 seconds 
========================================================================
Received Import Request.
  Time since last request: 0.000024 seconds.
  path: Assets/images/dog's mouth.png
  artifactKey: Guid(733212ba7523f37489e542f3e95f45bd) Importer(815301076,1909f56bfc062723c751e8b465ee728b)
Start importing Assets/images/dog's mouth.png using Guid(733212ba7523f37489e542f3e95f45bd) Importer(815301076,1909f56bfc062723c751e8b465ee728b)  -> (artifact id: 'b76ebeced7da9cf33849b8db4821fb83') in 0.006689 seconds 
========================================================================
Received Import Request.
  Time since last request: 0.000021 seconds.
  path: Assets/images/item/i-2.png
  artifactKey: Guid(6c6a598491a00dc42afaafb65bdf5ac7) Importer(815301076,1909f56bfc062723c751e8b465ee728b)
Start importing Assets/images/item/i-2.png using Guid(6c6a598491a00dc42afaafb65bdf5ac7) Importer(815301076,1909f56bfc062723c751e8b465ee728b)  -> (artifact id: '6abdd605b0be28eadc4bc1597f7830ee') in 0.020772 seconds 
========================================================================
Received Import Request.
  Time since last request: 0.000023 seconds.
  path: Assets/images/very tired.png
  artifactKey: Guid(42a29e89afe6c4a4187800ee22fc3aca) Importer(815301076,1909f56bfc062723c751e8b465ee728b)
Start importing Assets/images/very tired.png using Guid(42a29e89afe6c4a4187800ee22fc3aca) Importer(815301076,1909f56bfc062723c751e8b465ee728b)  -> (artifact id: 'c137edcd6e47cf77fba6d62f9b85777a') in 0.008564 seconds 
========================================================================
Received Import Request.
  Time since last request: 0.000027 seconds.
  path: Assets/images/item/i-4.png
  artifactKey: Guid(357a30b2920153d4292d4bdfcb684048) Importer(815301076,1909f56bfc062723c751e8b465ee728b)
Start importing Assets/images/item/i-4.png using Guid(357a30b2920153d4292d4bdfcb684048) Importer(815301076,1909f56bfc062723c751e8b465ee728b)  -> (artifact id: 'a01cb60ae1d2d29521edf6becccec32e') in 0.031753 seconds 
========================================================================
Received Import Request.
  Time since last request: 0.000036 seconds.
  path: Assets/images/item/i-1.png
  artifactKey: Guid(41b16f6ba76859f42b727b19a0501e5c) Importer(815301076,1909f56bfc062723c751e8b465ee728b)
Start importing Assets/images/item/i-1.png using Guid(41b16f6ba76859f42b727b19a0501e5c) Importer(815301076,1909f56bfc062723c751e8b465ee728b)  -> (artifact id: '3e2c6dd9599e71ff9d3ef92a565de005') in 0.012891 seconds 
========================================================================
Received Import Request.
  Time since last request: 0.000032 seconds.
  path: Assets/images/messages.png
  artifactKey: Guid(3f786699c32d91e4f944cf5e85edec26) Importer(815301076,1909f56bfc062723c751e8b465ee728b)
Start importing Assets/images/messages.png using Guid(3f786699c32d91e4f944cf5e85edec26) Importer(815301076,1909f56bfc062723c751e8b465ee728b)  -> (artifact id: '31493a53ad0fec91d371ece38bdafaae') in 0.080946 seconds 
========================================================================
Received Import Request.
  Time since last request: 0.000021 seconds.
  path: Assets/images/run.png
  artifactKey: Guid(88d850e71b57d254ba74955e0e1b61fe) Importer(815301076,1909f56bfc062723c751e8b465ee728b)
Start importing Assets/images/run.png using Guid(88d850e71b57d254ba74955e0e1b61fe) Importer(815301076,1909f56bfc062723c751e8b465ee728b)  -> (artifact id: '6d8458db1c24413e5364bbe86d562020') in 0.007965 seconds 
========================================================================
Received Import Request.
  Time since last request: 0.000020 seconds.
  path: Assets/images/tired.png
  artifactKey: Guid(ac61e41d566e1bb419f7a13d8f4b43c3) Importer(815301076,1909f56bfc062723c751e8b465ee728b)
Start importing Assets/images/tired.png using Guid(ac61e41d566e1bb419f7a13d8f4b43c3) Importer(815301076,1909f56bfc062723c751e8b465ee728b)  -> (artifact id: 'd713af51a04ae36ea4ad5e60e26dc8c5') in 0.008278 seconds 
========================================================================
Received Import Request.
  Time since last request: 0.000020 seconds.
  path: Assets/images/running.png
  artifactKey: Guid(3de5ba6175bc5c54aa6bd0322e5d0655) Importer(815301076,1909f56bfc062723c751e8b465ee728b)
Start importing Assets/images/running.png using Guid(3de5ba6175bc5c54aa6bd0322e5d0655) Importer(815301076,1909f56bfc062723c751e8b465ee728b)  -> (artifact id: '01b615815aebcd0c424356f41774b618') in 0.007423 seconds 
========================================================================
Received Import Request.
  Time since last request: 0.000022 seconds.
  path: Assets/images/item/i-6.png
  artifactKey: Guid(7934a4d348854ae40b9f192992a94b01) Importer(815301076,1909f56bfc062723c751e8b465ee728b)
Start importing Assets/images/item/i-6.png using Guid(7934a4d348854ae40b9f192992a94b01) Importer(815301076,1909f56bfc062723c751e8b465ee728b)  -> (artifact id: 'ef5eac165891e44a659849640e48b8c4') in 0.010841 seconds 
========================================================================
Received Import Request.
  Time since last request: 0.000020 seconds.
  path: Assets/images/pause1.png
  artifactKey: Guid(a00ad3a569e3b8e41952320b56bd0ff0) Importer(815301076,1909f56bfc062723c751e8b465ee728b)
Start importing Assets/images/pause1.png using Guid(a00ad3a569e3b8e41952320b56bd0ff0) Importer(815301076,1909f56bfc062723c751e8b465ee728b)  -> (artifact id: '5fb788b83cbe5a46aefc32b4686225b7') in 0.009463 seconds 
========================================================================
Received Import Request.
  Time since last request: 0.000023 seconds.
  path: Assets/images/no tired.png
  artifactKey: Guid(40fcc364b8c05534ba0cb62115f419bf) Importer(815301076,1909f56bfc062723c751e8b465ee728b)
Start importing Assets/images/no tired.png using Guid(40fcc364b8c05534ba0cb62115f419bf) Importer(815301076,1909f56bfc062723c751e8b465ee728b)  -> (artifact id: 'ccdb44236f60c6c14062af066786a5a4') in 0.007344 seconds 
========================================================================
Received Import Request.
  Time since last request: 0.000024 seconds.
  path: Assets/images/3fc9bc28d4937d28.png
  artifactKey: Guid(05d92474019ab914195e7097e2364815) Importer(815301076,1909f56bfc062723c751e8b465ee728b)
Start importing Assets/images/3fc9bc28d4937d28.png using Guid(05d92474019ab914195e7097e2364815) Importer(815301076,1909f56bfc062723c751e8b465ee728b)  -> (artifact id: '22f8b6ca1998899409f436c9e6eefb3b') in 0.025280 seconds 
========================================================================
Received Import Request.
  Time since last request: 0.000027 seconds.
  path: Assets/images/item slot.png
  artifactKey: Guid(871e47dae9db1cf4e95d149126012c94) Importer(815301076,1909f56bfc062723c751e8b465ee728b)
Start importing Assets/images/item slot.png using Guid(871e47dae9db1cf4e95d149126012c94) Importer(815301076,1909f56bfc062723c751e8b465ee728b)  -> (artifact id: '226543b124cc525a8a5b2f8a7b492212') in 0.007267 seconds 
========================================================================
Received Import Request.
  Time since last request: 0.000040 seconds.
  path: Assets/images/02f92a12dc41c990.png
  artifactKey: Guid(f6eeba05e9cf48b40958c16e9559e506) Importer(815301076,1909f56bfc062723c751e8b465ee728b)
Start importing Assets/images/02f92a12dc41c990.png using Guid(f6eeba05e9cf48b40958c16e9559e506) Importer(815301076,1909f56bfc062723c751e8b465ee728b)  -> (artifact id: '778906c12501d69f68e196350a1b2ea4') in 0.010815 seconds 
========================================================================
Received Import Request.
  Time since last request: 0.000029 seconds.
  path: Assets/images/coin.png
  artifactKey: Guid(b292b240438407748a010c9f30080baf) Importer(815301076,1909f56bfc062723c751e8b465ee728b)
Start importing Assets/images/coin.png using Guid(b292b240438407748a010c9f30080baf) Importer(815301076,1909f56bfc062723c751e8b465ee728b)  -> (artifact id: 'a8b9a778a7662e0096ad49d5354fccca') in 0.006833 seconds 
========================================================================
Received Import Request.
  Time since last request: 0.000019 seconds.
  path: Assets/images/item/i-5.png
  artifactKey: Guid(1c32ab82e1b895a40a633ef1c82120f7) Importer(815301076,1909f56bfc062723c751e8b465ee728b)
Start importing Assets/images/item/i-5.png using Guid(1c32ab82e1b895a40a633ef1c82120f7) Importer(815301076,1909f56bfc062723c751e8b465ee728b)  -> (artifact id: '9d9f71ca414885305f27f0282d9ff340') in 0.011256 seconds 
========================================================================
Received Import Request.
  Time since last request: 0.000023 seconds.
  path: Assets/images/item/i-3.png
  artifactKey: Guid(7b16808ccc1bbf046b057a37cfb8a394) Importer(815301076,1909f56bfc062723c751e8b465ee728b)
Start importing Assets/images/item/i-3.png using Guid(7b16808ccc1bbf046b057a37cfb8a394) Importer(815301076,1909f56bfc062723c751e8b465ee728b)  -> (artifact id: '06a0ab112422e35808eb2ffa754384aa') in 0.012395 seconds 
========================================================================
Received Import Request.
  Time since last request: 0.000020 seconds.
  path: Assets/images/time.png
  artifactKey: Guid(0a898cc1ec445d9489a402d2b0e1977f) Importer(815301076,1909f56bfc062723c751e8b465ee728b)
Start importing Assets/images/time.png using Guid(0a898cc1ec445d9489a402d2b0e1977f) Importer(815301076,1909f56bfc062723c751e8b465ee728b)  -> (artifact id: '7ca78ef4c3a109913953c2b4ee1020bc') in 0.007675 seconds 
========================================================================
Received Import Request.
  Time since last request: 52.575078 seconds.
  path: Assets/images/Font
  artifactKey: Guid(3586925694d9e92499730d1685f3d044) Importer(815301076,1909f56bfc062723c751e8b465ee728b)
Start importing Assets/images/Font using Guid(3586925694d9e92499730d1685f3d044) Importer(815301076,1909f56bfc062723c751e8b465ee728b)  -> (artifact id: '6689f734fcc70961103fa315b8b870a2') in 0.001246 seconds 
========================================================================
Received Import Request.
  Time since last request: 0.042741 seconds.
  path: Assets/images/Font/IMG_2632.PNG
  artifactKey: Guid(013a793ad3812d9449cf8240c529a0c5) Importer(815301076,1909f56bfc062723c751e8b465ee728b)
Start importing Assets/images/Font/IMG_2632.PNG using Guid(013a793ad3812d9449cf8240c529a0c5) Importer(815301076,1909f56bfc062723c751e8b465ee728b)  -> (artifact id: '322e09afd2fc367bd78883747627e6b8') in 0.012691 seconds 
========================================================================
Received Import Request.
  Time since last request: 0.000050 seconds.
  path: Assets/images/Font/IMG_2634.PNG
  artifactKey: Guid(430e32c0b9244b3459366343ce62469e) Importer(815301076,1909f56bfc062723c751e8b465ee728b)
Start importing Assets/images/Font/IMG_2634.PNG using Guid(430e32c0b9244b3459366343ce62469e) Importer(815301076,1909f56bfc062723c751e8b465ee728b)  -> (artifact id: 'd1f09e1695a9545e86e0671717875098') in 0.014350 seconds 
========================================================================
Received Import Request.
  Time since last request: 0.000035 seconds.
  path: Assets/images/Font/IMG_2640.PNG
  artifactKey: Guid(2dd13198065f59044aeb4e4726caddd5) Importer(815301076,1909f56bfc062723c751e8b465ee728b)
Start importing Assets/images/Font/IMG_2640.PNG using Guid(2dd13198065f59044aeb4e4726caddd5) Importer(815301076,1909f56bfc062723c751e8b465ee728b)  -> (artifact id: 'fbb3f03d40b90dfd013d75cf31221439') in 0.009462 seconds 
========================================================================
Received Import Request.
  Time since last request: 0.000032 seconds.
  path: Assets/images/Font/IMG_2635.PNG
  artifactKey: Guid(e6e17c0e36538404d9ccd38443ce49cf) Importer(815301076,1909f56bfc062723c751e8b465ee728b)
Start importing Assets/images/Font/IMG_2635.PNG using Guid(e6e17c0e36538404d9ccd38443ce49cf) Importer(815301076,1909f56bfc062723c751e8b465ee728b)  -> (artifact id: 'ef378c0412dab631774841823a258762') in 0.016236 seconds 
========================================================================
Received Import Request.
  Time since last request: 0.000035 seconds.
  path: Assets/images/Font/IMG_2637.PNG
  artifactKey: Guid(95b36209d9ae43b418408bcd3a3c4837) Importer(815301076,1909f56bfc062723c751e8b465ee728b)
Start importing Assets/images/Font/IMG_2637.PNG using Guid(95b36209d9ae43b418408bcd3a3c4837) Importer(815301076,1909f56bfc062723c751e8b465ee728b)  -> (artifact id: '02cc5cb4ebf17e912a34a8e8d5820ad2') in 0.009889 seconds 
========================================================================
Received Import Request.
  Time since last request: 0.000036 seconds.
  path: Assets/images/Font/IMG_2638.PNG
  artifactKey: Guid(112f44577d2e77042a3be028e77d133e) Importer(815301076,1909f56bfc062723c751e8b465ee728b)
Start importing Assets/images/Font/IMG_2638.PNG using Guid(112f44577d2e77042a3be028e77d133e) Importer(815301076,1909f56bfc062723c751e8b465ee728b)  -> (artifact id: '465f8b63b055ffc9851bbfc958b9aacf') in 0.015169 seconds 
========================================================================
Received Import Request.
  Time since last request: 0.000104 seconds.
  path: Assets/images/Font/IMG_2633.PNG
  artifactKey: Guid(d59bc5c47729f19498e8e3e0170eb868) Importer(815301076,1909f56bfc062723c751e8b465ee728b)
Start importing Assets/images/Font/IMG_2633.PNG using Guid(d59bc5c47729f19498e8e3e0170eb868) Importer(815301076,1909f56bfc062723c751e8b465ee728b)  -> (artifact id: 'f2a08715b13fe261593017f808edb753') in 0.011366 seconds 
========================================================================
Received Import Request.
  Time since last request: 0.000032 seconds.
  path: Assets/images/Font/IMG_2639.PNG
  artifactKey: Guid(5f8e4b84c451e814cbaa90732a984bf0) Importer(815301076,1909f56bfc062723c751e8b465ee728b)
Start importing Assets/images/Font/IMG_2639.PNG using Guid(5f8e4b84c451e814cbaa90732a984bf0) Importer(815301076,1909f56bfc062723c751e8b465ee728b)  -> (artifact id: '9f5b1b55731f50b60a1bd96cb34600eb') in 0.010499 seconds 
========================================================================
Received Import Request.
  Time since last request: 0.000029 seconds.
  path: Assets/images/Font/IMG_2636.PNG
  artifactKey: Guid(cb3508552cccf8a4ba14d4330e4dcd4d) Importer(815301076,1909f56bfc062723c751e8b465ee728b)
Start importing Assets/images/Font/IMG_2636.PNG using Guid(cb3508552cccf8a4ba14d4330e4dcd4d) Importer(815301076,1909f56bfc062723c751e8b465ee728b)  -> (artifact id: 'bc9861193fff86bfef6a8ff03bd83a53') in 0.017510 seconds 
========================================================================
Received Import Request.
  Time since last request: 39.921580 seconds.
  path: Assets/images/Font/IMG_2638.PNG
  artifactKey: Guid(112f44577d2e77042a3be028e77d133e) Importer(815301076,1909f56bfc062723c751e8b465ee728b)
Start importing Assets/images/Font/IMG_2638.PNG using Guid(112f44577d2e77042a3be028e77d133e) Importer(815301076,1909f56bfc062723c751e8b465ee728b)  -> (artifact id: '451af921b2c0334e741129e69925e969') in 0.009021 seconds 
========================================================================
Received Import Request.
  Time since last request: 4.296723 seconds.
  path: Assets/images/Font/IMG_2638.PNG
  artifactKey: Guid(112f44577d2e77042a3be028e77d133e) Importer(815301076,1909f56bfc062723c751e8b465ee728b)
Start importing Assets/images/Font/IMG_2638.PNG using Guid(112f44577d2e77042a3be028e77d133e) Importer(815301076,1909f56bfc062723c751e8b465ee728b)  -> (artifact id: '4e7bc48204fc28c7eb09e12d73628f16') in 0.019293 seconds 
========================================================================
Received Import Request.
  Time since last request: 15.702139 seconds.
  path: Assets/images/Font/IMG_2639.PNG
  artifactKey: Guid(5f8e4b84c451e814cbaa90732a984bf0) Importer(815301076,1909f56bfc062723c751e8b465ee728b)
Start importing Assets/images/Font/IMG_2639.PNG using Guid(5f8e4b84c451e814cbaa90732a984bf0) Importer(815301076,1909f56bfc062723c751e8b465ee728b)  -> (artifact id: 'c77c5e193c4fd52438b85424ee058572') in 0.011216 seconds 
========================================================================
Received Import Request.
  Time since last request: 2.578063 seconds.
  path: Assets/images/Font/IMG_2639.PNG
  artifactKey: Guid(5f8e4b84c451e814cbaa90732a984bf0) Importer(815301076,1909f56bfc062723c751e8b465ee728b)
Start importing Assets/images/Font/IMG_2639.PNG using Guid(5f8e4b84c451e814cbaa90732a984bf0) Importer(815301076,1909f56bfc062723c751e8b465ee728b)  -> (artifact id: 'cad1e4b02724d606a7b5eadc7c8cd324') in 0.024051 seconds 
========================================================================
Received Import Request.
  Time since last request: 40.405389 seconds.
  path: Assets/images/Font/IMG_2640.PNG
  artifactKey: Guid(2dd13198065f59044aeb4e4726caddd5) Importer(815301076,1909f56bfc062723c751e8b465ee728b)
Start importing Assets/images/Font/IMG_2640.PNG using Guid(2dd13198065f59044aeb4e4726caddd5) Importer(815301076,1909f56bfc062723c751e8b465ee728b)  -> (artifact id: '563bb6be4b37c27603c7c6bc0802b650') in 0.010011 seconds 
========================================================================
Received Import Request.
  Time since last request: 3.165365 seconds.
  path: Assets/images/Font/IMG_2640.PNG
  artifactKey: Guid(2dd13198065f59044aeb4e4726caddd5) Importer(815301076,1909f56bfc062723c751e8b465ee728b)
Start importing Assets/images/Font/IMG_2640.PNG using Guid(2dd13198065f59044aeb4e4726caddd5) Importer(815301076,1909f56bfc062723c751e8b465ee728b)  -> (artifact id: 'f4bc4bdd7666745101110314a65f8de5') in 0.020947 seconds 
========================================================================
Received Import Request.
  Time since last request: 78.584929 seconds.
  path: Assets/Script/Credits scrolling animation.anim
  artifactKey: Guid(77e34453e38b3dd49812c16501b48a63) Importer(815301076,1909f56bfc062723c751e8b465ee728b)
Start importing Assets/Script/Credits scrolling animation.anim using Guid(77e34453e38b3dd49812c16501b48a63) Importer(815301076,1909f56bfc062723c751e8b465ee728b)  -> (artifact id: '5d27abcb49d57fa2b2cf1bb0ab7f2669') in 0.004458 seconds 
========================================================================
Received Import Request.
  Time since last request: 11.729538 seconds.
  path: Assets/Script/Text (TMP).controller
  artifactKey: Guid(f59fb4e6319b37841ae435c7ef5c3f48) Importer(815301076,1909f56bfc062723c751e8b465ee728b)
Start importing Assets/Script/Text (TMP).controller using Guid(f59fb4e6319b37841ae435c7ef5c3f48) Importer(815301076,1909f56bfc062723c751e8b465ee728b)  -> (artifact id: '27a439b00f4fa2b694aa51d7474dbf32') in 0.005115 seconds 
========================================================================
Received Import Request.
  Time since last request: 14.596853 seconds.
  path: Assets/prefad/AIAndPlayer/Dog.prefab
  artifactKey: Guid(df0ebd0112c41a345aa0872954c665ba) Importer(815301076,1909f56bfc062723c751e8b465ee728b)
Start importing Assets/prefad/AIAndPlayer/Dog.prefab using Guid(df0ebd0112c41a345aa0872954c665ba) Importer(815301076,1909f56bfc062723c751e8b465ee728b)  -> (artifact id: '35b6302f39c8d78a8b04ecd3974e4343') in 0.427679 seconds 
========================================================================
Received Import Request.
  Time since last request: 0.000036 seconds.
  path: Assets/prefad/AIAndPlayer/merchant 2.prefab
  artifactKey: Guid(c38d76b33536215499b65ed6d3381dee) Importer(815301076,1909f56bfc062723c751e8b465ee728b)
Start importing Assets/prefad/AIAndPlayer/merchant 2.prefab using Guid(c38d76b33536215499b65ed6d3381dee) Importer(815301076,1909f56bfc062723c751e8b465ee728b)  -> (artifact id: '678a5f3c4ab06b08995433d5100d4bf9') in 0.115070 seconds 
========================================================================
Received Import Request.
  Time since last request: 0.000064 seconds.
  path: Assets/prefad/AIAndPlayer/friend.prefab
  artifactKey: Guid(06f3b6a30aaa50040828d3dd24115888) Importer(815301076,1909f56bfc062723c751e8b465ee728b)
Start importing Assets/prefad/AIAndPlayer/friend.prefab using Guid(06f3b6a30aaa50040828d3dd24115888) Importer(815301076,1909f56bfc062723c751e8b465ee728b)  -> (artifact id: '362cc73115b46383c86848d94a054174') in 0.073066 seconds 
========================================================================
Received Import Request.
  Time since last request: 0.000100 seconds.
  path: Assets/prefad/AIAndPlayer/GF.prefab
  artifactKey: Guid(11c663ad8d179734a8cdf40315b3497a) Importer(815301076,1909f56bfc062723c751e8b465ee728b)
Start importing Assets/prefad/AIAndPlayer/GF.prefab using Guid(11c663ad8d179734a8cdf40315b3497a) Importer(815301076,1909f56bfc062723c751e8b465ee728b)  -> (artifact id: '23fa3213188d49afe152845122b7c529') in 0.320179 seconds 
========================================================================
Received Import Request.
  Time since last request: 0.000025 seconds.
  path: Assets/prefad/AIAndPlayer/friend 2.prefab
  artifactKey: Guid(85c5745968c03564798aaaa0fa30cfea) Importer(815301076,1909f56bfc062723c751e8b465ee728b)
Start importing Assets/prefad/AIAndPlayer/friend 2.prefab using Guid(85c5745968c03564798aaaa0fa30cfea) Importer(815301076,1909f56bfc062723c751e8b465ee728b)  -> (artifact id: '79052c519100938a5f0a5a32aec66d80') in 0.153615 seconds 
========================================================================
Received Import Request.
  Time since last request: 0.000036 seconds.
  path: Assets/prefad/building/Light Material.mat
  artifactKey: Guid(b60a4de3c50b74b42b344fe7abd9c903) Importer(815301076,1909f56bfc062723c751e8b465ee728b)
Start importing Assets/prefad/building/Light Material.mat using Guid(b60a4de3c50b74b42b344fe7abd9c903) Importer(815301076,1909f56bfc062723c751e8b465ee728b)  -> (artifact id: 'ceb9529567d6633b6a07cdbd209c7352') in 0.200211 seconds 
========================================================================
Received Import Request.
  Time since last request: 0.000024 seconds.
  path: Assets/prefad/AIAndPlayer/friend 3.prefab
  artifactKey: Guid(281c6e407d9ef58469d67c82c55ae95f) Importer(815301076,1909f56bfc062723c751e8b465ee728b)
Start importing Assets/prefad/AIAndPlayer/friend 3.prefab using Guid(281c6e407d9ef58469d67c82c55ae95f) Importer(815301076,1909f56bfc062723c751e8b465ee728b)  -> (artifact id: '2832fb3e9e49bd51f319e89209f265cc') in 0.122161 seconds 
========================================================================
Received Import Request.
  Time since last request: 0.000040 seconds.
  path: Assets/prefad/building/Lamp.prefab
  artifactKey: Guid(9bfff4622d600d14fa92378f670ccdf3) Importer(815301076,1909f56bfc062723c751e8b465ee728b)
Start importing Assets/prefad/building/Lamp.prefab using Guid(9bfff4622d600d14fa92378f670ccdf3) Importer(815301076,1909f56bfc062723c751e8b465ee728b)  -> (artifact id: '063403ee369c2ae76fe9c95cd939de90') in 0.290478 seconds 
========================================================================
Received Import Request.
  Time since last request: 0.000042 seconds.
  path: Assets/prefad/AIAndPlayer/merchant 1.prefab
  artifactKey: Guid(c9c3cacf4edb5714388fdd6aa4e5b2f8) Importer(815301076,1909f56bfc062723c751e8b465ee728b)
Start importing Assets/prefad/AIAndPlayer/merchant 1.prefab using Guid(c9c3cacf4edb5714388fdd6aa4e5b2f8) Importer(815301076,1909f56bfc062723c751e8b465ee728b)  -> (artifact id: 'f7cd696d4159f80f30ec67b7f49bf343') in 0.101640 seconds 
========================================================================
Received Import Request.
  Time since last request: 0.636842 seconds.
  path: Assets/Music/Dummy Sond.wav
  artifactKey: Guid(3ecbcd7535fce27479dc9d51b3f48a9f) Importer(815301076,1909f56bfc062723c751e8b465ee728b)
Start importing Assets/Music/Dummy Sond.wav using Guid(3ecbcd7535fce27479dc9d51b3f48a9f) Importer(815301076,1909f56bfc062723c751e8b465ee728b)  -> (artifact id: 'abb217f69ce5893e4e468be73b382dd8') in 0.070971 seconds 
========================================================================
Received Import Request.
  Time since last request: 0.000021 seconds.
  path: Assets/Music/She is Come.mp3
  artifactKey: Guid(c065be5b941594a4080429797d9157c6) Importer(815301076,1909f56bfc062723c751e8b465ee728b)
Start importing Assets/Music/She is Come.mp3 using Guid(c065be5b941594a4080429797d9157c6) Importer(815301076,1909f56bfc062723c751e8b465ee728b)  -> (artifact id: '60d6592b560187dae49abf30fed44d33') in 0.029083 seconds 
========================================================================
Received Import Request.
  Time since last request: 0.000034 seconds.
  path: Assets/Music/Main_Theme.mp3
  artifactKey: Guid(ced90cf8964b3ce4a822e1d30e0a56f4) Importer(815301076,1909f56bfc062723c751e8b465ee728b)
Start importing Assets/Music/Main_Theme.mp3 using Guid(ced90cf8964b3ce4a822e1d30e0a56f4) Importer(815301076,1909f56bfc062723c751e8b465ee728b)  -> (artifact id: 'ad1636e6a2c6436082afa532f2cdb437') in 0.010395 seconds 
========================================================================
Received Import Request.
  Time since last request: 22.946742 seconds.
  path: Assets/Scenes
  artifactKey: Guid(6ea315d0fd7389c41b19996891e99ae3) Importer(815301076,1909f56bfc062723c751e8b465ee728b)
Start importing Assets/Scenes using Guid(6ea315d0fd7389c41b19996891e99ae3) Importer(815301076,1909f56bfc062723c751e8b465ee728b)  -> (artifact id: 'bc172811d573b296104adb4d2728db37') in 0.001798 seconds 
========================================================================
Received Import Request.
  Time since last request: 19.160207 seconds.
  path: Assets/Scenes/Test.unity
  artifactKey: Guid(fe155b9c93e921842b2a98c81732def4) Importer(815301076,1909f56bfc062723c751e8b465ee728b)
Start importing Assets/Scenes/Test.unity using Guid(fe155b9c93e921842b2a98c81732def4) Importer(815301076,1909f56bfc062723c751e8b465ee728b)  -> (artifact id: '6d59973615195fe268dbaf78f9e02fbe') in 0.000975 seconds 
========================================================================
Received Prepare
Registering precompiled user dll's ...
Registered in 0.005642 seconds.
Begin MonoManager ReloadAssembly
Symbol file LoadedFromMemory doesn't match image D:\git\Survive-From-Girlfriend\SFGF\Library\PackageCache\com.unity.visualscripting@1.7.8\Editor\VisualScripting.Core\Dependencies\YamlDotNet\Unity.VisualScripting.YamlDotNet.dll
Symbol file LoadedFromMemory doesn't match image D:\git\Survive-From-Girlfriend\SFGF\Library\PackageCache\com.unity.visualscripting@1.7.8\Editor\VisualScripting.Core\Dependencies\DotNetZip\Unity.VisualScripting.IonicZip.dll
Native extension for WindowsStandalone target not found
Native extension for WebGL target not found
Refreshing native plugins compatible for Editor in 155.71 ms, found 3 plugins.
Preloading 0 native plugins for Editor in 0.00 ms.
Mono: successfully reloaded assembly
- Completed reload, in  1.821 seconds
Domain Reload Profiling:
	ReloadAssembly (1822ms)
		BeginReloadAssembly (164ms)
			ExecutionOrderSort (0ms)
			DisableScriptedObjects (7ms)
			BackupInstance (0ms)
			ReleaseScriptingObjects (0ms)
			CreateAndSetChildDomain (48ms)
		EndReloadAssembly (1460ms)
			LoadAssemblies (105ms)
			RebuildTransferFunctionScriptingTraits (0ms)
			SetupTypeCache (398ms)
			ReleaseScriptCaches (1ms)
			RebuildScriptCaches (72ms)
			SetupLoadedEditorAssemblies (816ms)
				LogAssemblyErrors (0ms)
				InitializePlatformSupportModulesInManaged (16ms)
				SetLoadedEditorAssemblies (1ms)
				RefreshPlugins (156ms)
				BeforeProcessingInitializeOnLoad (87ms)
				ProcessInitializeOnLoadAttributes (406ms)
				ProcessInitializeOnLoadMethodAttributes (145ms)
				AfterProcessingInitializeOnLoad (5ms)
				EditorAssembliesLoaded (0ms)
			ExecutionOrderSort2 (0ms)
			AwakeInstancesAfterBackupRestoration (7ms)
Platform modules already initialized, skipping
Refreshing native plugins compatible for Editor in 2.10 ms, found 3 plugins.
Preloading 0 native plugins for Editor in 0.00 ms.
Unloading 5227 Unused Serialized files (Serialized files now loaded: 0)
Unloading 55 unused Assets / (3.3 MB). Loaded Objects now: 5797.
Memory consumption went from 208.5 MB to 205.2 MB.
Total: 5.364800 ms (FindLiveObjects: 0.509100 ms CreateObjectMapping: 0.431400 ms MarkObjects: 3.621200 ms  DeleteObjects: 0.801500 ms)

AssetImportParameters requested are different than current active one (requested -> active):
  custom:video-decoder-ogg-theora: a1e56fd34408186e4bbccfd4996cb3dc -> 
  custom:container-muxer-webm: aa71ff27fc2769a1b78a27578f13a17b -> 
  custom:container-demuxer-webm: 4f35f7cbe854078d1ac9338744f61a02 -> 
  custom:video-encoder-webm-vp8: eb34c28f22e8b96e1ab97ce403110664 -> 
  custom:video-codec-MediaFoundation-h265: 746d11721c4dcdbdad8f713fa42b33f4 -> 
  custom:audio-encoder-webm-vorbis: bf7c407c2cedff20999df2af8eb42d56 -> 
  custom:framework-win-MediaFoundation: 216162199b28c13a410421893ffa2e32 -> 
  custom:container-demuxer-ogg: 62fdf1f143b41e24485cea50d1cbac27 -> 
  custom:video-decoder-webm-vp8: 9c59270c3fd7afecdb556c50c9e8de78 -> 
  custom:audio-decoder-ogg-vorbis: bf7c407c2cedff20999df2af8eb42d56 -> 
========================================================================
Received Import Request.
  Time since last request: 293.010824 seconds.
  path: Assets/Scenes/Test
  artifactKey: Guid(20d50ca023a136a4b982af833687bb3b) Importer(815301076,1909f56bfc062723c751e8b465ee728b)
Start importing Assets/Scenes/Test using Guid(20d50ca023a136a4b982af833687bb3b) Importer(815301076,1909f56bfc062723c751e8b465ee728b)  -> (artifact id: '2b896410b199eb1956459df6d8438280') in 0.017362 seconds 
========================================================================
Received Import Request.
  Time since last request: 13.952852 seconds.
  path: Assets/Scenes/Test/smoke.vfx
  artifactKey: Guid(906a7406d0bdbdc49b72ca6bbaf11bc2) Importer(815301076,1909f56bfc062723c751e8b465ee728b)
Start importing Assets/Scenes/Test/smoke.vfx using Guid(906a7406d0bdbdc49b72ca6bbaf11bc2) Importer(815301076,1909f56bfc062723c751e8b465ee728b)  -> (artifact id: '737f03d189e7b52182f1256002edf876') in 0.021477 seconds 
========================================================================
Received Import Request.
  Time since last request: 61.527974 seconds.
  path: Assets/Scenes/Test/smoke.vfx
  artifactKey: Guid(906a7406d0bdbdc49b72ca6bbaf11bc2) Importer(815301076,1909f56bfc062723c751e8b465ee728b)
Start importing Assets/Scenes/Test/smoke.vfx using Guid(906a7406d0bdbdc49b72ca6bbaf11bc2) Importer(815301076,1909f56bfc062723c751e8b465ee728b)  -> (artifact id: 'f7fda7aa96c69a1503fe5d6e56df6d19') in 0.004939 seconds 
========================================================================
Received Import Request.
  Time since last request: 33.580661 seconds.
  path: Packages/com.unity.visualeffectgraph/Textures/DefaultParticle.tga
  artifactKey: Guid(276d9e395ae18fe40a9b4988549f2349) Importer(815301076,1909f56bfc062723c751e8b465ee728b)
Start importing Packages/com.unity.visualeffectgraph/Textures/DefaultParticle.tga using Guid(276d9e395ae18fe40a9b4988549f2349) Importer(815301076,1909f56bfc062723c751e8b465ee728b)  -> (artifact id: 'f79f02823c63b15cafe9fa6d341d98bc') in 0.063755 seconds 
========================================================================
Received Import Request.
  Time since last request: 0.000035 seconds.
  path: Packages/com.unity.visualeffectgraph/Textures/SignedDistanceField.asset
  artifactKey: Guid(5c2949c31aafddd4e8011ffdebb8fdf7) Importer(815301076,1909f56bfc062723c751e8b465ee728b)
Start importing Packages/com.unity.visualeffectgraph/Textures/SignedDistanceField.asset using Guid(5c2949c31aafddd4e8011ffdebb8fdf7) Importer(815301076,1909f56bfc062723c751e8b465ee728b)  -> (artifact id: '1afacbe7f08ca6e5ac53864cdcd05a60') in 0.107425 seconds 
========================================================================
Received Import Request.
  Time since last request: 0.000033 seconds.
  path: Packages/com.unity.visualeffectgraph/Textures/Sphere.tga
  artifactKey: Guid(d01d8874889eebc4ab0cde7f2b3309de) Importer(815301076,1909f56bfc062723c751e8b465ee728b)
Start importing Packages/com.unity.visualeffectgraph/Textures/Sphere.tga using Guid(d01d8874889eebc4ab0cde7f2b3309de) Importer(815301076,1909f56bfc062723c751e8b465ee728b)  -> (artifact id: '4789340b018e6182145bd0e9e88eaf9d') in 0.032692 seconds 
========================================================================
Received Import Request.
  Time since last request: 0.000024 seconds.
  path: Packages/com.unity.visualeffectgraph/Textures/Sparkle.tga
  artifactKey: Guid(49cb5aa34272b034d8b754c65d9cdbfa) Importer(815301076,1909f56bfc062723c751e8b465ee728b)
Start importing Packages/com.unity.visualeffectgraph/Textures/Sparkle.tga using Guid(49cb5aa34272b034d8b754c65d9cdbfa) Importer(815301076,1909f56bfc062723c751e8b465ee728b)  -> (artifact id: '426a27ba12f86a69a82c06bc13e5df70') in 0.010228 seconds 
========================================================================
Received Import Request.
  Time since last request: 0.000023 seconds.
  path: Packages/com.unity.visualeffectgraph/Textures/vectorfield.asset
  artifactKey: Guid(08937e3134903c5488be506a2dac71e9) Importer(815301076,1909f56bfc062723c751e8b465ee728b)
Start importing Packages/com.unity.visualeffectgraph/Textures/vectorfield.asset using Guid(08937e3134903c5488be506a2dac71e9) Importer(815301076,1909f56bfc062723c751e8b465ee728b)  -> (artifact id: '45cdb97d7462eecbe1b492c4760f2b05') in 0.036128 seconds 
========================================================================
Received Import Request.
  Time since last request: 0.000034 seconds.
  path: Packages/com.unity.visualeffectgraph/Textures/Noise.tga
  artifactKey: Guid(1d8481de16af723418a688958c41224b) Importer(815301076,1909f56bfc062723c751e8b465ee728b)
Start importing Packages/com.unity.visualeffectgraph/Textures/Noise.tga using Guid(1d8481de16af723418a688958c41224b) Importer(815301076,1909f56bfc062723c751e8b465ee728b)  -> (artifact id: '52c7844505d35bcdcf6456b28068bbf2') in 0.013058 seconds 
========================================================================
Received Import Request.
  Time since last request: 0.000028 seconds.
  path: Packages/com.unity.visualeffectgraph/Textures/SimpleSmoke.tga
  artifactKey: Guid(de0fae515169ff246a20d58a8a440ed0) Importer(815301076,1909f56bfc062723c751e8b465ee728b)
Start importing Packages/com.unity.visualeffectgraph/Textures/SimpleSmoke.tga using Guid(de0fae515169ff246a20d58a8a440ed0) Importer(815301076,1909f56bfc062723c751e8b465ee728b)  -> (artifact id: '9f418c68bd4d22a04ce0839ef3d814c5') in 0.014372 seconds 
========================================================================
Received Import Request.
  Time since last request: 597.475729 seconds.
  path: Assets/Scenes/Play.unity
  artifactKey: Guid(03211fa0f92319c45a46de8e49384537) Importer(815301076,1909f56bfc062723c751e8b465ee728b)
Start importing Assets/Scenes/Play.unity using Guid(03211fa0f92319c45a46de8e49384537) Importer(815301076,1909f56bfc062723c751e8b465ee728b)  -> (artifact id: 'd6097c0cda57745fb4c01de839c07b8c') in 0.001264 seconds 
========================================================================
Received Import Request.
  Time since last request: 7.449120 seconds.
  path: Assets/Scenes/Manu.unity
  artifactKey: Guid(2091c037e591589419fdb2dea7b98887) Importer(815301076,1909f56bfc062723c751e8b465ee728b)
Start importing Assets/Scenes/Manu.unity using Guid(2091c037e591589419fdb2dea7b98887) Importer(815301076,1909f56bfc062723c751e8b465ee728b)  -> (artifact id: 'd79bc9df344623e30e40925d637eea3c') in 0.004698 seconds 
========================================================================
Received Import Request.
  Time since last request: 30.657126 seconds.
  path: Assets/images/Font/4.png
  artifactKey: Guid(03d9eb583b047cf488a819d34914a705) Importer(815301076,1909f56bfc062723c751e8b465ee728b)
Start importing Assets/images/Font/4.png using Guid(03d9eb583b047cf488a819d34914a705) Importer(815301076,1909f56bfc062723c751e8b465ee728b)  -> (artifact id: '6bfb8ccbc094caad99466c49046806b8') in 0.014529 seconds 
========================================================================
Received Import Request.
  Time since last request: 40.544366 seconds.
  path: Assets/images/Font/4.png
  artifactKey: Guid(03d9eb583b047cf488a819d34914a705) Importer(815301076,1909f56bfc062723c751e8b465ee728b)
Start importing Assets/images/Font/4.png using Guid(03d9eb583b047cf488a819d34914a705) Importer(815301076,1909f56bfc062723c751e8b465ee728b)  -> (artifact id: '2593c49a6c337fd86fff29e2cf1927ac') in 0.047907 seconds 
========================================================================
Received Import Request.
  Time since last request: 4.694155 seconds.
  path: Assets/images/Font/4.png
  artifactKey: Guid(03d9eb583b047cf488a819d34914a705) Importer(815301076,1909f56bfc062723c751e8b465ee728b)
Start importing Assets/images/Font/4.png using Guid(03d9eb583b047cf488a819d34914a705) Importer(815301076,1909f56bfc062723c751e8b465ee728b)  -> (artifact id: '2d52b94560ce3827c1441114a43fe26a') in 0.042175 seconds 
========================================================================
Received Import Request.
  Time since last request: 251.358418 seconds.
  path: Assets/Scenes/Play/LightingData.asset
  artifactKey: Guid(0603a17a0e55bca46a121d54e393cbcc) Importer(815301076,1909f56bfc062723c751e8b465ee728b)
Start importing Assets/Scenes/Play/LightingData.asset using Guid(0603a17a0e55bca46a121d54e393cbcc) Importer(815301076,1909f56bfc062723c751e8b465ee728b)  -> (artifact id: 'eaa231e504b4e8bf3777bc240222a5ef') in 0.003897 seconds 
========================================================================
Received Import Request.
  Time since last request: 139.884703 seconds.
  path: Assets/Music/triggerR.wav
  artifactKey: Guid(ce8b44a6bdc457046a15c58feef0cb7b) Importer(815301076,1909f56bfc062723c751e8b465ee728b)
Start importing Assets/Music/triggerR.wav using Guid(ce8b44a6bdc457046a15c58feef0cb7b) Importer(815301076,1909f56bfc062723c751e8b465ee728b)  -> (artifact id: '6bb39f68cfa8f75c1d30610171a79797') in 0.023914 seconds 
========================================================================
Received Import Request.
  Time since last request: 487.772743 seconds.
  path: Assets/Script/AI/GF_AI.cs
  artifactKey: Guid(6d0d437d87302cd4eada7d18fa5b2ff1) Importer(815301076,1909f56bfc062723c751e8b465ee728b)
Start importing Assets/Script/AI/GF_AI.cs using Guid(6d0d437d87302cd4eada7d18fa5b2ff1) Importer(815301076,1909f56bfc062723c751e8b465ee728b)  -> (artifact id: 'c5530f2221687ca3d8c97413548f9b73') in 0.097882 seconds 
========================================================================
Received Prepare
Registering precompiled user dll's ...
Registered in 0.005263 seconds.
Begin MonoManager ReloadAssembly
Symbol file LoadedFromMemory doesn't match image D:\git\Survive-From-Girlfriend\SFGF\Library\PackageCache\com.unity.visualscripting@1.7.8\Editor\VisualScripting.Core\Dependencies\YamlDotNet\Unity.VisualScripting.YamlDotNet.dll
Symbol file LoadedFromMemory doesn't match image D:\git\Survive-From-Girlfriend\SFGF\Library\PackageCache\com.unity.visualscripting@1.7.8\Editor\VisualScripting.Core\Dependencies\DotNetZip\Unity.VisualScripting.IonicZip.dll
Native extension for WindowsStandalone target not found
Native extension for WebGL target not found
Refreshing native plugins compatible for Editor in 1.75 ms, found 3 plugins.
Preloading 0 native plugins for Editor in 0.00 ms.
Mono: successfully reloaded assembly
- Completed reload, in  3.205 seconds
Domain Reload Profiling:
	ReloadAssembly (3206ms)
		BeginReloadAssembly (455ms)
			ExecutionOrderSort (0ms)
			DisableScriptedObjects (12ms)
			BackupInstance (0ms)
			ReleaseScriptingObjects (0ms)
			CreateAndSetChildDomain (139ms)
		EndReloadAssembly (2607ms)
			LoadAssemblies (291ms)
			RebuildTransferFunctionScriptingTraits (0ms)
			SetupTypeCache (591ms)
			ReleaseScriptCaches (9ms)
			RebuildScriptCaches (142ms)
			SetupLoadedEditorAssemblies (818ms)
				LogAssemblyErrors (0ms)
				InitializePlatformSupportModulesInManaged (17ms)
				SetLoadedEditorAssemblies (1ms)
				RefreshPlugins (2ms)
				BeforeProcessingInitializeOnLoad (166ms)
				ProcessInitializeOnLoadAttributes (516ms)
				ProcessInitializeOnLoadMethodAttributes (111ms)
				AfterProcessingInitializeOnLoad (4ms)
				EditorAssembliesLoaded (0ms)
			ExecutionOrderSort2 (0ms)
			AwakeInstancesAfterBackupRestoration (20ms)
Platform modules already initialized, skipping
Refreshing native plugins compatible for Editor in 2.38 ms, found 3 plugins.
Preloading 0 native plugins for Editor in 0.00 ms.
Unloading 5229 Unused Serialized files (Serialized files now loaded: 0)
Unloading 51 unused Assets / (3.0 MB). Loaded Objects now: 5853.
Memory consumption went from 210.2 MB to 207.3 MB.
Total: 31.565100 ms (FindLiveObjects: 1.802500 ms CreateObjectMapping: 0.569500 ms MarkObjects: 28.257800 ms  DeleteObjects: 0.934100 ms)

AssetImportParameters requested are different than current active one (requested -> active):
  custom:video-decoder-ogg-theora: a1e56fd34408186e4bbccfd4996cb3dc -> 
  custom:container-muxer-webm: aa71ff27fc2769a1b78a27578f13a17b -> 
  custom:container-demuxer-webm: 4f35f7cbe854078d1ac9338744f61a02 -> 
  custom:video-encoder-webm-vp8: eb34c28f22e8b96e1ab97ce403110664 -> 
  custom:video-codec-MediaFoundation-h265: 746d11721c4dcdbdad8f713fa42b33f4 -> 
  custom:audio-encoder-webm-vorbis: bf7c407c2cedff20999df2af8eb42d56 -> 
  custom:framework-win-MediaFoundation: 216162199b28c13a410421893ffa2e32 -> 
  custom:container-demuxer-ogg: 62fdf1f143b41e24485cea50d1cbac27 -> 
  custom:video-decoder-webm-vp8: 9c59270c3fd7afecdb556c50c9e8de78 -> 
  custom:audio-decoder-ogg-vorbis: bf7c407c2cedff20999df2af8eb42d56 -> 
========================================================================
Received Prepare
Registering precompiled user dll's ...
Registered in 0.008307 seconds.
Begin MonoManager ReloadAssembly
Symbol file LoadedFromMemory doesn't match image D:\git\Survive-From-Girlfriend\SFGF\Library\PackageCache\com.unity.visualscripting@1.7.8\Editor\VisualScripting.Core\Dependencies\YamlDotNet\Unity.VisualScripting.YamlDotNet.dll
Symbol file LoadedFromMemory doesn't match image D:\git\Survive-From-Girlfriend\SFGF\Library\PackageCache\com.unity.visualscripting@1.7.8\Editor\VisualScripting.Core\Dependencies\DotNetZip\Unity.VisualScripting.IonicZip.dll
Native extension for WindowsStandalone target not found
Native extension for WebGL target not found
Refreshing native plugins compatible for Editor in 1.17 ms, found 3 plugins.
Preloading 0 native plugins for Editor in 0.00 ms.
Mono: successfully reloaded assembly
- Completed reload, in  1.702 seconds
Domain Reload Profiling:
	ReloadAssembly (1704ms)
		BeginReloadAssembly (175ms)
			ExecutionOrderSort (0ms)
			DisableScriptedObjects (7ms)
			BackupInstance (0ms)
			ReleaseScriptingObjects (0ms)
			CreateAndSetChildDomain (53ms)
		EndReloadAssembly (1404ms)
			LoadAssemblies (117ms)
			RebuildTransferFunctionScriptingTraits (0ms)
			SetupTypeCache (420ms)
			ReleaseScriptCaches (2ms)
			RebuildScriptCaches (94ms)
			SetupLoadedEditorAssemblies (686ms)
				LogAssemblyErrors (0ms)
				InitializePlatformSupportModulesInManaged (22ms)
				SetLoadedEditorAssemblies (1ms)
				RefreshPlugins (1ms)
				BeforeProcessingInitializeOnLoad (141ms)
				ProcessInitializeOnLoadAttributes (380ms)
				ProcessInitializeOnLoadMethodAttributes (137ms)
				AfterProcessingInitializeOnLoad (4ms)
				EditorAssembliesLoaded (0ms)
			ExecutionOrderSort2 (0ms)
			AwakeInstancesAfterBackupRestoration (18ms)
Platform modules already initialized, skipping
Refreshing native plugins compatible for Editor in 2.10 ms, found 3 plugins.
Preloading 0 native plugins for Editor in 0.00 ms.
Unloading 5225 Unused Serialized files (Serialized files now loaded: 0)
Unloading 51 unused Assets / (3.0 MB). Loaded Objects now: 5868.
Memory consumption went from 210.2 MB to 207.2 MB.
Total: 11.414000 ms (FindLiveObjects: 0.487200 ms CreateObjectMapping: 0.457200 ms MarkObjects: 9.386900 ms  DeleteObjects: 1.080900 ms)

AssetImportParameters requested are different than current active one (requested -> active):
  custom:video-decoder-ogg-theora: a1e56fd34408186e4bbccfd4996cb3dc -> 
  custom:container-muxer-webm: aa71ff27fc2769a1b78a27578f13a17b -> 
  custom:container-demuxer-webm: 4f35f7cbe854078d1ac9338744f61a02 -> 
  custom:video-encoder-webm-vp8: eb34c28f22e8b96e1ab97ce403110664 -> 
  custom:video-codec-MediaFoundation-h265: 746d11721c4dcdbdad8f713fa42b33f4 -> 
  custom:audio-encoder-webm-vorbis: bf7c407c2cedff20999df2af8eb42d56 -> 
  custom:framework-win-MediaFoundation: 216162199b28c13a410421893ffa2e32 -> 
  custom:container-demuxer-ogg: 62fdf1f143b41e24485cea50d1cbac27 -> 
  custom:video-decoder-webm-vp8: 9c59270c3fd7afecdb556c50c9e8de78 -> 
  custom:audio-decoder-ogg-vorbis: bf7c407c2cedff20999df2af8eb42d56 -> 
========================================================================
Received Prepare
Registering precompiled user dll's ...
Registered in 0.005565 seconds.
Begin MonoManager ReloadAssembly
Symbol file LoadedFromMemory doesn't match image D:\git\Survive-From-Girlfriend\SFGF\Library\PackageCache\com.unity.visualscripting@1.7.8\Editor\VisualScripting.Core\Dependencies\YamlDotNet\Unity.VisualScripting.YamlDotNet.dll
Symbol file LoadedFromMemory doesn't match image D:\git\Survive-From-Girlfriend\SFGF\Library\PackageCache\com.unity.visualscripting@1.7.8\Editor\VisualScripting.Core\Dependencies\DotNetZip\Unity.VisualScripting.IonicZip.dll
Native extension for WindowsStandalone target not found
Native extension for WebGL target not found
Refreshing native plugins compatible for Editor in 6.67 ms, found 3 plugins.
Preloading 0 native plugins for Editor in 0.00 ms.
Mono: successfully reloaded assembly
- Completed reload, in  2.304 seconds
Domain Reload Profiling:
	ReloadAssembly (2308ms)
		BeginReloadAssembly (183ms)
			ExecutionOrderSort (0ms)
			DisableScriptedObjects (7ms)
			BackupInstance (0ms)
			ReleaseScriptingObjects (0ms)
			CreateAndSetChildDomain (72ms)
		EndReloadAssembly (2001ms)
			LoadAssemblies (108ms)
			RebuildTransferFunctionScriptingTraits (0ms)
			SetupTypeCache (426ms)
			ReleaseScriptCaches (3ms)
			RebuildScriptCaches (88ms)
			SetupLoadedEditorAssemblies (1170ms)
				LogAssemblyErrors (0ms)
				InitializePlatformSupportModulesInManaged (35ms)
				SetLoadedEditorAssemblies (1ms)
				RefreshPlugins (7ms)
				BeforeProcessingInitializeOnLoad (225ms)
				ProcessInitializeOnLoadAttributes (699ms)
				ProcessInitializeOnLoadMethodAttributes (197ms)
				AfterProcessingInitializeOnLoad (5ms)
				EditorAssembliesLoaded (1ms)
			ExecutionOrderSort2 (0ms)
			AwakeInstancesAfterBackupRestoration (30ms)
Platform modules already initialized, skipping
Refreshing native plugins compatible for Editor in 2.45 ms, found 3 plugins.
Preloading 0 native plugins for Editor in 0.00 ms.
Unloading 5225 Unused Serialized files (Serialized files now loaded: 0)
Unloading 51 unused Assets / (3.0 MB). Loaded Objects now: 5883.
Memory consumption went from 210.0 MB to 207.0 MB.
Total: 15.484100 ms (FindLiveObjects: 0.743900 ms CreateObjectMapping: 3.366300 ms MarkObjects: 7.342100 ms  DeleteObjects: 4.029700 ms)

AssetImportParameters requested are different than current active one (requested -> active):
  custom:video-decoder-ogg-theora: a1e56fd34408186e4bbccfd4996cb3dc -> 
  custom:container-muxer-webm: aa71ff27fc2769a1b78a27578f13a17b -> 
  custom:container-demuxer-webm: 4f35f7cbe854078d1ac9338744f61a02 -> 
  custom:video-encoder-webm-vp8: eb34c28f22e8b96e1ab97ce403110664 -> 
  custom:video-codec-MediaFoundation-h265: 746d11721c4dcdbdad8f713fa42b33f4 -> 
  custom:audio-encoder-webm-vorbis: bf7c407c2cedff20999df2af8eb42d56 -> 
  custom:framework-win-MediaFoundation: 216162199b28c13a410421893ffa2e32 -> 
  custom:container-demuxer-ogg: 62fdf1f143b41e24485cea50d1cbac27 -> 
  custom:video-decoder-webm-vp8: 9c59270c3fd7afecdb556c50c9e8de78 -> 
  custom:audio-decoder-ogg-vorbis: bf7c407c2cedff20999df2af8eb42d56 -> 
========================================================================
Received Prepare
Registering precompiled user dll's ...
Registered in 0.004929 seconds.
Begin MonoManager ReloadAssembly
Symbol file LoadedFromMemory doesn't match image D:\git\Survive-From-Girlfriend\SFGF\Library\PackageCache\com.unity.visualscripting@1.7.8\Editor\VisualScripting.Core\Dependencies\YamlDotNet\Unity.VisualScripting.YamlDotNet.dll
Symbol file LoadedFromMemory doesn't match image D:\git\Survive-From-Girlfriend\SFGF\Library\PackageCache\com.unity.visualscripting@1.7.8\Editor\VisualScripting.Core\Dependencies\DotNetZip\Unity.VisualScripting.IonicZip.dll
Native extension for WindowsStandalone target not found
Native extension for WebGL target not found
Refreshing native plugins compatible for Editor in 3.72 ms, found 3 plugins.
Preloading 0 native plugins for Editor in 0.00 ms.
Mono: successfully reloaded assembly
- Completed reload, in  4.487 seconds
Domain Reload Profiling:
	ReloadAssembly (4488ms)
		BeginReloadAssembly (167ms)
			ExecutionOrderSort (0ms)
			DisableScriptedObjects (8ms)
			BackupInstance (0ms)
			ReleaseScriptingObjects (0ms)
			CreateAndSetChildDomain (50ms)
		EndReloadAssembly (4201ms)
			LoadAssemblies (118ms)
			RebuildTransferFunctionScriptingTraits (0ms)
			SetupTypeCache (747ms)
			ReleaseScriptCaches (22ms)
			RebuildScriptCaches (722ms)
			SetupLoadedEditorAssemblies (2084ms)
				LogAssemblyErrors (0ms)
				InitializePlatformSupportModulesInManaged (64ms)
				SetLoadedEditorAssemblies (2ms)
				RefreshPlugins (4ms)
				BeforeProcessingInitializeOnLoad (866ms)
				ProcessInitializeOnLoadAttributes (955ms)
				ProcessInitializeOnLoadMethodAttributes (180ms)
				AfterProcessingInitializeOnLoad (12ms)
				EditorAssembliesLoaded (0ms)
			ExecutionOrderSort2 (0ms)
			AwakeInstancesAfterBackupRestoration (33ms)
Platform modules already initialized, skipping
Refreshing native plugins compatible for Editor in 4.07 ms, found 3 plugins.
Preloading 0 native plugins for Editor in 0.00 ms.
Unloading 5225 Unused Serialized files (Serialized files now loaded: 0)
Unloading 51 unused Assets / (3.0 MB). Loaded Objects now: 5898.
Memory consumption went from 210.2 MB to 207.3 MB.
Total: 10.033300 ms (FindLiveObjects: 0.475300 ms CreateObjectMapping: 0.558600 ms MarkObjects: 7.161400 ms  DeleteObjects: 1.836400 ms)

AssetImportParameters requested are different than current active one (requested -> active):
  custom:video-decoder-ogg-theora: a1e56fd34408186e4bbccfd4996cb3dc -> 
  custom:container-muxer-webm: aa71ff27fc2769a1b78a27578f13a17b -> 
  custom:container-demuxer-webm: 4f35f7cbe854078d1ac9338744f61a02 -> 
  custom:video-encoder-webm-vp8: eb34c28f22e8b96e1ab97ce403110664 -> 
  custom:video-codec-MediaFoundation-h265: 746d11721c4dcdbdad8f713fa42b33f4 -> 
  custom:audio-encoder-webm-vorbis: bf7c407c2cedff20999df2af8eb42d56 -> 
  custom:framework-win-MediaFoundation: 216162199b28c13a410421893ffa2e32 -> 
  custom:container-demuxer-ogg: 62fdf1f143b41e24485cea50d1cbac27 -> 
  custom:video-decoder-webm-vp8: 9c59270c3fd7afecdb556c50c9e8de78 -> 
  custom:audio-decoder-ogg-vorbis: bf7c407c2cedff20999df2af8eb42d56 -> 
