Using pre-set license
Built from '2021.3/staging' branch; Version is '2021.3.10f1 (1c7d0df0160b) revision 1867021'; Using compiler version '192829333'; Build Type 'Release'
OS: 'Windows 10  (10.0.19043) 64bit Professional' Language: 'en' Physical Memory: 8157 MB
BatchMode: 1, IsHumanControllingUs: 0, StartBugReporterOnCrash: 0, Is64bit: 1, IsPro: 1

COMMAND LINE ARGUMENTS:
D:\unity\Unity Hub\Editor\2021.3.10f1\Editor\Unity.exe
-adb2
-batchMode
-noUpm
-name
AssetImportWorker3
-projectPath
D:/git/Survive-From-Girlfriend/SFGF
-logFile
Logs/AssetImportWorker3.log
-srvPort
10735
Successfully changed project path to: D:/git/Survive-From-Girlfriend/SFGF
D:/git/Survive-From-Girlfriend/SFGF
[UnityMemory] Configuration Parameters - Can be set up in boot.config
    "memorysetup-bucket-allocator-granularity=16"
    "memorysetup-bucket-allocator-bucket-count=8"
    "memorysetup-bucket-allocator-block-size=33554432"
    "memorysetup-bucket-allocator-block-count=8"
    "memorysetup-main-allocator-block-size=16777216"
    "memorysetup-thread-allocator-block-size=16777216"
    "memorysetup-gfx-main-allocator-block-size=16777216"
    "memorysetup-gfx-thread-allocator-block-size=16777216"
    "memorysetup-cache-allocator-block-size=4194304"
    "memorysetup-typetree-allocator-block-size=2097152"
    "memorysetup-profiler-bucket-allocator-granularity=16"
    "memorysetup-profiler-bucket-allocator-bucket-count=8"
    "memorysetup-profiler-bucket-allocator-block-size=33554432"
    "memorysetup-profiler-bucket-allocator-block-count=8"
    "memorysetup-profiler-allocator-block-size=16777216"
    "memorysetup-profiler-editor-allocator-block-size=1048576"
    "memorysetup-temp-allocator-size-main=16777216"
    "memorysetup-job-temp-allocator-block-size=2097152"
    "memorysetup-job-temp-allocator-block-size-background=1048576"
    "memorysetup-job-temp-allocator-reduction-small-platforms=262144"
    "memorysetup-temp-allocator-size-background-worker=32768"
    "memorysetup-temp-allocator-size-job-worker=262144"
    "memorysetup-temp-allocator-size-preload-manager=33554432"
    "memorysetup-temp-allocator-size-nav-mesh-worker=65536"
    "memorysetup-temp-allocator-size-audio-worker=65536"
    "memorysetup-temp-allocator-size-cloud-worker=32768"
    "memorysetup-temp-allocator-size-gi-baking-worker=262144"
    "memorysetup-temp-allocator-size-gfx=262144"
Refreshing native plugins compatible for Editor in 233.31 ms, found 3 plugins.
Preloading 0 native plugins for Editor in 0.00 ms.
Initialize engine version: 2021.3.10f1 (1c7d0df0160b)
[Subsystems] Discovering subsystems at path D:/unity/Unity Hub/Editor/2021.3.10f1/Editor/Data/Resources/UnitySubsystems
[Subsystems] Discovering subsystems at path D:/git/Survive-From-Girlfriend/SFGF/Assets
GfxDevice: creating device client; threaded=0; jobified=0
Direct3D:
    Version:  Direct3D 11.0 [level 11.1]
    Renderer: NVIDIA GeForce GTX 1050 (ID=0x1c81)
    Vendor:   NVIDIA
    VRAM:     1977 MB
    Driver:   31.0.15.1694
Initialize mono
Mono path[0] = 'D:/unity/Unity Hub/Editor/2021.3.10f1/Editor/Data/Managed'
Mono path[1] = 'D:/unity/Unity Hub/Editor/2021.3.10f1/Editor/Data/MonoBleedingEdge/lib/mono/unityjit-win32'
Mono config path = 'D:/unity/Unity Hub/Editor/2021.3.10f1/Editor/Data/MonoBleedingEdge/etc'
Using monoOptions --debugger-agent=transport=dt_socket,embedding=1,server=y,suspend=n,address=127.0.0.1:56008
Begin MonoManager ReloadAssembly
Registering precompiled unity dll's ...
Register platform support module: D:/unity/Unity Hub/Editor/2021.3.10f1/Editor/Data/PlaybackEngines/WebGLSupport/UnityEditor.WebGL.Extensions.dll
Register platform support module: D:/unity/Unity Hub/Editor/2021.3.10f1/Editor/Data/PlaybackEngines/WindowsStandaloneSupport/UnityEditor.WindowsStandalone.Extensions.dll
Registered in 0.007535 seconds.
Native extension for WindowsStandalone target not found
Native extension for WebGL target not found
Refreshing native plugins compatible for Editor in 223.01 ms, found 3 plugins.
Preloading 0 native plugins for Editor in 0.00 ms.
Mono: successfully reloaded assembly
- Completed reload, in  1.438 seconds
Domain Reload Profiling:
	ReloadAssembly (1439ms)
		BeginReloadAssembly (138ms)
			ExecutionOrderSort (0ms)
			DisableScriptedObjects (0ms)
			BackupInstance (0ms)
			ReleaseScriptingObjects (0ms)
			CreateAndSetChildDomain (1ms)
		EndReloadAssembly (1065ms)
			LoadAssemblies (143ms)
			RebuildTransferFunctionScriptingTraits (0ms)
			SetupTypeCache (291ms)
			ReleaseScriptCaches (0ms)
			RebuildScriptCaches (64ms)
			SetupLoadedEditorAssemblies (598ms)
				LogAssemblyErrors (0ms)
				InitializePlatformSupportModulesInManaged (16ms)
				SetLoadedEditorAssemblies (0ms)
				RefreshPlugins (223ms)
				BeforeProcessingInitializeOnLoad (4ms)
				ProcessInitializeOnLoadAttributes (256ms)
				ProcessInitializeOnLoadMethodAttributes (97ms)
				AfterProcessingInitializeOnLoad (0ms)
				EditorAssembliesLoaded (0ms)
			ExecutionOrderSort2 (0ms)
			AwakeInstancesAfterBackupRestoration (0ms)
Platform modules already initialized, skipping
Registering precompiled user dll's ...
Registered in 0.012970 seconds.
Begin MonoManager ReloadAssembly
Symbol file LoadedFromMemory doesn't match image D:\git\Survive-From-Girlfriend\SFGF\Library\PackageCache\com.unity.visualscripting@1.7.8\Editor\VisualScripting.Core\Dependencies\YamlDotNet\Unity.VisualScripting.YamlDotNet.dll
Symbol file LoadedFromMemory doesn't match image D:\git\Survive-From-Girlfriend\SFGF\Library\PackageCache\com.unity.visualscripting@1.7.8\Editor\VisualScripting.Core\Dependencies\DotNetZip\Unity.VisualScripting.IonicZip.dll
Native extension for WindowsStandalone target not found
Native extension for WebGL target not found
Refreshing native plugins compatible for Editor in 155.37 ms, found 3 plugins.
Preloading 0 native plugins for Editor in 0.00 ms.
Mono: successfully reloaded assembly
- Completed reload, in  2.545 seconds
Domain Reload Profiling:
	ReloadAssembly (2546ms)
		BeginReloadAssembly (292ms)
			ExecutionOrderSort (0ms)
			DisableScriptedObjects (45ms)
			BackupInstance (0ms)
			ReleaseScriptingObjects (0ms)
			CreateAndSetChildDomain (63ms)
		EndReloadAssembly (2038ms)
			LoadAssemblies (192ms)
			RebuildTransferFunctionScriptingTraits (0ms)
			SetupTypeCache (732ms)
			ReleaseScriptCaches (1ms)
			RebuildScriptCaches (168ms)
			SetupLoadedEditorAssemblies (915ms)
				LogAssemblyErrors (0ms)
				InitializePlatformSupportModulesInManaged (5ms)
				SetLoadedEditorAssemblies (0ms)
				RefreshPlugins (155ms)
				BeforeProcessingInitializeOnLoad (198ms)
				ProcessInitializeOnLoadAttributes (447ms)
				ProcessInitializeOnLoadMethodAttributes (105ms)
				AfterProcessingInitializeOnLoad (4ms)
				EditorAssembliesLoaded (0ms)
			ExecutionOrderSort2 (0ms)
			AwakeInstancesAfterBackupRestoration (9ms)
Platform modules already initialized, skipping
========================================================================
Worker process is ready to serve import requests
Launched and connected shader compiler UnityShaderCompiler.exe after 0.44 seconds
Refreshing native plugins compatible for Editor in 1.44 ms, found 3 plugins.
Preloading 0 native plugins for Editor in 0.00 ms.
Unloading 5272 Unused Serialized files (Serialized files now loaded: 0)
Unloading 55 unused Assets / (2.4 MB). Loaded Objects now: 5734.
Memory consumption went from 196.4 MB to 194.0 MB.
Total: 6.086100 ms (FindLiveObjects: 0.573500 ms CreateObjectMapping: 0.490800 ms MarkObjects: 4.415600 ms  DeleteObjects: 0.604600 ms)

AssetImportParameters requested are different than current active one (requested -> active):
  custom:video-decoder-ogg-theora: a1e56fd34408186e4bbccfd4996cb3dc -> 
  custom:container-muxer-webm: aa71ff27fc2769a1b78a27578f13a17b -> 
  custom:container-demuxer-webm: 4f35f7cbe854078d1ac9338744f61a02 -> 
  custom:video-encoder-webm-vp8: eb34c28f22e8b96e1ab97ce403110664 -> 
  custom:video-codec-MediaFoundation-h265: 746d11721c4dcdbdad8f713fa42b33f4 -> 
  custom:audio-encoder-webm-vorbis: bf7c407c2cedff20999df2af8eb42d56 -> 
  custom:framework-win-MediaFoundation: 216162199b28c13a410421893ffa2e32 -> 
  custom:container-demuxer-ogg: 62fdf1f143b41e24485cea50d1cbac27 -> 
  custom:video-decoder-webm-vp8: 9c59270c3fd7afecdb556c50c9e8de78 -> 
  custom:audio-decoder-ogg-vorbis: bf7c407c2cedff20999df2af8eb42d56 -> 
========================================================================
Received Import Request.
  Time since last request: 12185.778522 seconds.
  path: Assets/images/UI/buy.png
  artifactKey: Guid(5d551ad182722a340bee7229bd6afdc1) Importer(815301076,1909f56bfc062723c751e8b465ee728b)
Start importing Assets/images/UI/buy.png using Guid(5d551ad182722a340bee7229bd6afdc1) Importer(815301076,1909f56bfc062723c751e8b465ee728b)  -> (artifact id: '998b74c9dcbd2748e673b8a8b8cb640e') in 0.321336 seconds 
========================================================================
Received Import Request.
  Time since last request: 0.000031 seconds.
  path: Assets/images/UI/toss a coin.png
  artifactKey: Guid(0bce14b1852479b4892ead55478b99da) Importer(815301076,1909f56bfc062723c751e8b465ee728b)
Start importing Assets/images/UI/toss a coin.png using Guid(0bce14b1852479b4892ead55478b99da) Importer(815301076,1909f56bfc062723c751e8b465ee728b)  -> (artifact id: 'c1010309e3bc702adc4e8f9d048db0ce') in 0.047413 seconds 
========================================================================
Received Import Request.
  Time since last request: 0.000091 seconds.
  path: Assets/images/UI/teach game play.png
  artifactKey: Guid(5c0ee2696d15fa04d825c16dbe19e9ff) Importer(815301076,1909f56bfc062723c751e8b465ee728b)
Start importing Assets/images/UI/teach game play.png using Guid(5c0ee2696d15fa04d825c16dbe19e9ff) Importer(815301076,1909f56bfc062723c751e8b465ee728b)  -> (artifact id: 'c9522d9037e99bf14cab22b163173659') in 0.060762 seconds 
========================================================================
Received Import Request.
  Time since last request: 0.000043 seconds.
  path: Assets/images/UI/bulb.png
  artifactKey: Guid(7667a9e98252de54e92485c5b15dd463) Importer(815301076,1909f56bfc062723c751e8b465ee728b)
Start importing Assets/images/UI/bulb.png using Guid(7667a9e98252de54e92485c5b15dd463) Importer(815301076,1909f56bfc062723c751e8b465ee728b)  -> (artifact id: 'ba68c7ba651247e11022479a5504f156') in 0.040516 seconds 
========================================================================
Received Import Request.
  Time since last request: 0.000021 seconds.
  path: Assets/images/UI/pause2.png
  artifactKey: Guid(985af6c08d51d9441b8d36c89eda39d3) Importer(815301076,1909f56bfc062723c751e8b465ee728b)
Start importing Assets/images/UI/pause2.png using Guid(985af6c08d51d9441b8d36c89eda39d3) Importer(815301076,1909f56bfc062723c751e8b465ee728b)  -> (artifact id: '9aa13ceaf1c7b595d027f3bce34de542') in 0.070385 seconds 
========================================================================
Received Import Request.
  Time since last request: 0.000026 seconds.
  path: Assets/images/UI/dog's mouth.png
  artifactKey: Guid(733212ba7523f37489e542f3e95f45bd) Importer(815301076,1909f56bfc062723c751e8b465ee728b)
Start importing Assets/images/UI/dog's mouth.png using Guid(733212ba7523f37489e542f3e95f45bd) Importer(815301076,1909f56bfc062723c751e8b465ee728b)  -> (artifact id: 'f0ef3bf02acd7556f4bcbcdfcd8b2115') in 0.045015 seconds 
========================================================================
Received Import Request.
  Time since last request: 0.000035 seconds.
  path: Assets/images/UI/Selling items fish.png
  artifactKey: Guid(27eaad90be1255544b0a3589e03b0796) Importer(815301076,1909f56bfc062723c751e8b465ee728b)
Start importing Assets/images/UI/Selling items fish.png using Guid(27eaad90be1255544b0a3589e03b0796) Importer(815301076,1909f56bfc062723c751e8b465ee728b)  -> (artifact id: 'ea96b2e9046834519a0bd9e4375c7192') in 0.018710 seconds 
========================================================================
Received Import Request.
  Time since last request: 0.000025 seconds.
  path: Assets/images/UI/very tired.png
  artifactKey: Guid(42a29e89afe6c4a4187800ee22fc3aca) Importer(815301076,1909f56bfc062723c751e8b465ee728b)
Start importing Assets/images/UI/very tired.png using Guid(42a29e89afe6c4a4187800ee22fc3aca) Importer(815301076,1909f56bfc062723c751e8b465ee728b)  -> (artifact id: '6dc49f880f148876a2b773663ae7714e') in 0.048437 seconds 
========================================================================
Received Import Request.
  Time since last request: 0.000028 seconds.
  path: Assets/images/UI/teach control.png
  artifactKey: Guid(4f36a4946b639514fbe5cbb45067c854) Importer(815301076,1909f56bfc062723c751e8b465ee728b)
Start importing Assets/images/UI/teach control.png using Guid(4f36a4946b639514fbe5cbb45067c854) Importer(815301076,1909f56bfc062723c751e8b465ee728b)  -> (artifact id: '02a21cc7ec279661fe7ed9ec1f49169b') in 0.011531 seconds 
========================================================================
Received Import Request.
  Time since last request: 0.000027 seconds.
  path: Assets/images/UI/messages.png
  artifactKey: Guid(3f786699c32d91e4f944cf5e85edec26) Importer(815301076,1909f56bfc062723c751e8b465ee728b)
Start importing Assets/images/UI/messages.png using Guid(3f786699c32d91e4f944cf5e85edec26) Importer(815301076,1909f56bfc062723c751e8b465ee728b)  -> (artifact id: '0185785a2823bf6cc89d31c02ff38e35') in 0.147088 seconds 
========================================================================
Received Import Request.
  Time since last request: 0.000035 seconds.
  path: Assets/images/UI/run.png
  artifactKey: Guid(88d850e71b57d254ba74955e0e1b61fe) Importer(815301076,1909f56bfc062723c751e8b465ee728b)
Start importing Assets/images/UI/run.png using Guid(88d850e71b57d254ba74955e0e1b61fe) Importer(815301076,1909f56bfc062723c751e8b465ee728b)  -> (artifact id: '7eed0d6f6ad4cfb5709c53cb6dedf4dc') in 0.033630 seconds 
========================================================================
Received Import Request.
  Time since last request: 0.000032 seconds.
  path: Assets/images/UI/tired.png
  artifactKey: Guid(ac61e41d566e1bb419f7a13d8f4b43c3) Importer(815301076,1909f56bfc062723c751e8b465ee728b)
Start importing Assets/images/UI/tired.png using Guid(ac61e41d566e1bb419f7a13d8f4b43c3) Importer(815301076,1909f56bfc062723c751e8b465ee728b)  -> (artifact id: 'daa6ef98b6b8dd172415176d8cd966a2') in 0.042795 seconds 
========================================================================
Received Import Request.
  Time since last request: 0.000027 seconds.
  path: Assets/images/UI/Selling items pig.png
  artifactKey: Guid(f3ccd182cd82ea2469ad792576f7323d) Importer(815301076,1909f56bfc062723c751e8b465ee728b)
Start importing Assets/images/UI/Selling items pig.png using Guid(f3ccd182cd82ea2469ad792576f7323d) Importer(815301076,1909f56bfc062723c751e8b465ee728b)  -> (artifact id: 'b51d888c41e06549ec6a71c4c9f5863e') in 0.030514 seconds 
========================================================================
Received Import Request.
  Time since last request: 0.000027 seconds.
  path: Assets/images/UI/running.png
  artifactKey: Guid(3de5ba6175bc5c54aa6bd0322e5d0655) Importer(815301076,1909f56bfc062723c751e8b465ee728b)
Start importing Assets/images/UI/running.png using Guid(3de5ba6175bc5c54aa6bd0322e5d0655) Importer(815301076,1909f56bfc062723c751e8b465ee728b)  -> (artifact id: 'f64fa22551959cbf326decea626098d3') in 0.033966 seconds 
========================================================================
Received Import Request.
  Time since last request: 0.000028 seconds.
  path: Assets/images/UI/pause1.png
  artifactKey: Guid(a00ad3a569e3b8e41952320b56bd0ff0) Importer(815301076,1909f56bfc062723c751e8b465ee728b)
Start importing Assets/images/UI/pause1.png using Guid(a00ad3a569e3b8e41952320b56bd0ff0) Importer(815301076,1909f56bfc062723c751e8b465ee728b)  -> (artifact id: 'e263b16a9cd852d06ba72f2b3dc6dcf9') in 0.035414 seconds 
========================================================================
Received Import Request.
  Time since last request: 0.000031 seconds.
  path: Assets/images/UI/no tired.png
  artifactKey: Guid(40fcc364b8c05534ba0cb62115f419bf) Importer(815301076,1909f56bfc062723c751e8b465ee728b)
Start importing Assets/images/UI/no tired.png using Guid(40fcc364b8c05534ba0cb62115f419bf) Importer(815301076,1909f56bfc062723c751e8b465ee728b)  -> (artifact id: '2b3690a6c3e26c553250ada683e22adf') in 0.040891 seconds 
========================================================================
Received Import Request.
  Time since last request: 0.000053 seconds.
  path: Assets/images/UI/3fc9bc28d4937d28.png
  artifactKey: Guid(05d92474019ab914195e7097e2364815) Importer(815301076,1909f56bfc062723c751e8b465ee728b)
Start importing Assets/images/UI/3fc9bc28d4937d28.png using Guid(05d92474019ab914195e7097e2364815) Importer(815301076,1909f56bfc062723c751e8b465ee728b)  -> (artifact id: '4aad0b19674256f356a672a68b5db18e') in 0.044352 seconds 
========================================================================
Received Import Request.
  Time since last request: 0.000025 seconds.
  path: Assets/images/UI/02f92a12dc41c990.png
  artifactKey: Guid(f6eeba05e9cf48b40958c16e9559e506) Importer(815301076,1909f56bfc062723c751e8b465ee728b)
Start importing Assets/images/UI/02f92a12dc41c990.png using Guid(f6eeba05e9cf48b40958c16e9559e506) Importer(815301076,1909f56bfc062723c751e8b465ee728b)  -> (artifact id: '1e4dbf4ec23d33513a891e8aba2fe52f') in 0.164688 seconds 
========================================================================
Received Import Request.
  Time since last request: 0.000028 seconds.
  path: Assets/images/UI/coin.png
  artifactKey: Guid(b292b240438407748a010c9f30080baf) Importer(815301076,1909f56bfc062723c751e8b465ee728b)
Start importing Assets/images/UI/coin.png using Guid(b292b240438407748a010c9f30080baf) Importer(815301076,1909f56bfc062723c751e8b465ee728b)  -> (artifact id: '3e2e58253977fcef7c1735e8ea527a04') in 0.075341 seconds 
========================================================================
Received Import Request.
  Time since last request: 0.000085 seconds.
  path: Assets/images/UI/item_slot.png
  artifactKey: Guid(6fc57205c26db39478e537f4dcf85c84) Importer(815301076,1909f56bfc062723c751e8b465ee728b)
Start importing Assets/images/UI/item_slot.png using Guid(6fc57205c26db39478e537f4dcf85c84) Importer(815301076,1909f56bfc062723c751e8b465ee728b)  -> (artifact id: 'e467e5b2c7a02a0222ae63c9d937009c') in 0.066578 seconds 
========================================================================
Received Import Request.
  Time since last request: 0.000029 seconds.
  path: Assets/images/UI/time.png
  artifactKey: Guid(0a898cc1ec445d9489a402d2b0e1977f) Importer(815301076,1909f56bfc062723c751e8b465ee728b)
Start importing Assets/images/UI/time.png using Guid(0a898cc1ec445d9489a402d2b0e1977f) Importer(815301076,1909f56bfc062723c751e8b465ee728b)  -> (artifact id: '2bfa5f9c48c408dfc8ccc274d68a343a') in 0.050988 seconds 
========================================================================
Received Prepare
Registering precompiled user dll's ...
Registered in 0.004833 seconds.
Begin MonoManager ReloadAssembly
Symbol file LoadedFromMemory doesn't match image D:\git\Survive-From-Girlfriend\SFGF\Library\PackageCache\com.unity.visualscripting@1.7.8\Editor\VisualScripting.Core\Dependencies\YamlDotNet\Unity.VisualScripting.YamlDotNet.dll
Symbol file LoadedFromMemory doesn't match image D:\git\Survive-From-Girlfriend\SFGF\Library\PackageCache\com.unity.visualscripting@1.7.8\Editor\VisualScripting.Core\Dependencies\DotNetZip\Unity.VisualScripting.IonicZip.dll
Native extension for WindowsStandalone target not found
Native extension for WebGL target not found
Refreshing native plugins compatible for Editor in 2.26 ms, found 3 plugins.
Preloading 0 native plugins for Editor in 0.00 ms.
Mono: successfully reloaded assembly
- Completed reload, in  2.296 seconds
Domain Reload Profiling:
	ReloadAssembly (2297ms)
		BeginReloadAssembly (185ms)
			ExecutionOrderSort (0ms)
			DisableScriptedObjects (6ms)
			BackupInstance (0ms)
			ReleaseScriptingObjects (0ms)
			CreateAndSetChildDomain (60ms)
		EndReloadAssembly (1989ms)
			LoadAssemblies (108ms)
			RebuildTransferFunctionScriptingTraits (0ms)
			SetupTypeCache (570ms)
			ReleaseScriptCaches (4ms)
			RebuildScriptCaches (151ms)
			SetupLoadedEditorAssemblies (983ms)
				LogAssemblyErrors (0ms)
				InitializePlatformSupportModulesInManaged (26ms)
				SetLoadedEditorAssemblies (1ms)
				RefreshPlugins (2ms)
				BeforeProcessingInitializeOnLoad (185ms)
				ProcessInitializeOnLoadAttributes (583ms)
				ProcessInitializeOnLoadMethodAttributes (176ms)
				AfterProcessingInitializeOnLoad (8ms)
				EditorAssembliesLoaded (1ms)
			ExecutionOrderSort2 (0ms)
			AwakeInstancesAfterBackupRestoration (13ms)
Platform modules already initialized, skipping
Refreshing native plugins compatible for Editor in 5.92 ms, found 3 plugins.
Preloading 0 native plugins for Editor in 0.00 ms.
Unloading 5208 Unused Serialized files (Serialized files now loaded: 0)
Unloading 36 unused Assets / (2.4 MB). Loaded Objects now: 5765.
Memory consumption went from 195.6 MB to 193.2 MB.
Total: 6.290200 ms (FindLiveObjects: 0.746700 ms CreateObjectMapping: 0.850700 ms MarkObjects: 4.199900 ms  DeleteObjects: 0.491600 ms)

AssetImportParameters requested are different than current active one (requested -> active):
  custom:video-decoder-ogg-theora: a1e56fd34408186e4bbccfd4996cb3dc -> 
  custom:container-muxer-webm: aa71ff27fc2769a1b78a27578f13a17b -> 
  custom:container-demuxer-webm: 4f35f7cbe854078d1ac9338744f61a02 -> 
  custom:video-encoder-webm-vp8: eb34c28f22e8b96e1ab97ce403110664 -> 
  custom:video-codec-MediaFoundation-h265: 746d11721c4dcdbdad8f713fa42b33f4 -> 
  custom:audio-encoder-webm-vorbis: bf7c407c2cedff20999df2af8eb42d56 -> 
  custom:framework-win-MediaFoundation: 216162199b28c13a410421893ffa2e32 -> 
  custom:container-demuxer-ogg: 62fdf1f143b41e24485cea50d1cbac27 -> 
  custom:video-decoder-webm-vp8: 9c59270c3fd7afecdb556c50c9e8de78 -> 
  custom:audio-decoder-ogg-vorbis: bf7c407c2cedff20999df2af8eb42d56 -> 
========================================================================
Received Prepare
Registering precompiled user dll's ...
Registered in 0.004709 seconds.
Begin MonoManager ReloadAssembly
Symbol file LoadedFromMemory doesn't match image D:\git\Survive-From-Girlfriend\SFGF\Library\PackageCache\com.unity.visualscripting@1.7.8\Editor\VisualScripting.Core\Dependencies\YamlDotNet\Unity.VisualScripting.YamlDotNet.dll
Symbol file LoadedFromMemory doesn't match image D:\git\Survive-From-Girlfriend\SFGF\Library\PackageCache\com.unity.visualscripting@1.7.8\Editor\VisualScripting.Core\Dependencies\DotNetZip\Unity.VisualScripting.IonicZip.dll
Native extension for WindowsStandalone target not found
Native extension for WebGL target not found
Refreshing native plugins compatible for Editor in 4.63 ms, found 3 plugins.
Preloading 0 native plugins for Editor in 0.00 ms.
Mono: successfully reloaded assembly
- Completed reload, in  2.176 seconds
Domain Reload Profiling:
	ReloadAssembly (2177ms)
		BeginReloadAssembly (169ms)
			ExecutionOrderSort (0ms)
			DisableScriptedObjects (6ms)
			BackupInstance (0ms)
			ReleaseScriptingObjects (0ms)
			CreateAndSetChildDomain (57ms)
		EndReloadAssembly (1889ms)
			LoadAssemblies (107ms)
			RebuildTransferFunctionScriptingTraits (0ms)
			SetupTypeCache (519ms)
			ReleaseScriptCaches (5ms)
			RebuildScriptCaches (159ms)
			SetupLoadedEditorAssemblies (983ms)
				LogAssemblyErrors (0ms)
				InitializePlatformSupportModulesInManaged (24ms)
				SetLoadedEditorAssemblies (1ms)
				RefreshPlugins (5ms)
				BeforeProcessingInitializeOnLoad (191ms)
				ProcessInitializeOnLoadAttributes (589ms)
				ProcessInitializeOnLoadMethodAttributes (166ms)
				AfterProcessingInitializeOnLoad (7ms)
				EditorAssembliesLoaded (0ms)
			ExecutionOrderSort2 (0ms)
			AwakeInstancesAfterBackupRestoration (11ms)
Platform modules already initialized, skipping
Refreshing native plugins compatible for Editor in 3.93 ms, found 3 plugins.
Preloading 0 native plugins for Editor in 0.00 ms.
Unloading 5208 Unused Serialized files (Serialized files now loaded: 0)
Unloading 36 unused Assets / (2.4 MB). Loaded Objects now: 5780.
Memory consumption went from 195.6 MB to 193.2 MB.
Total: 7.059300 ms (FindLiveObjects: 0.774700 ms CreateObjectMapping: 0.874700 ms MarkObjects: 4.242300 ms  DeleteObjects: 1.166400 ms)

AssetImportParameters requested are different than current active one (requested -> active):
  custom:video-decoder-ogg-theora: a1e56fd34408186e4bbccfd4996cb3dc -> 
  custom:container-muxer-webm: aa71ff27fc2769a1b78a27578f13a17b -> 
  custom:container-demuxer-webm: 4f35f7cbe854078d1ac9338744f61a02 -> 
  custom:video-encoder-webm-vp8: eb34c28f22e8b96e1ab97ce403110664 -> 
  custom:video-codec-MediaFoundation-h265: 746d11721c4dcdbdad8f713fa42b33f4 -> 
  custom:audio-encoder-webm-vorbis: bf7c407c2cedff20999df2af8eb42d56 -> 
  custom:framework-win-MediaFoundation: 216162199b28c13a410421893ffa2e32 -> 
  custom:container-demuxer-ogg: 62fdf1f143b41e24485cea50d1cbac27 -> 
  custom:video-decoder-webm-vp8: 9c59270c3fd7afecdb556c50c9e8de78 -> 
  custom:audio-decoder-ogg-vorbis: bf7c407c2cedff20999df2af8eb42d56 -> 
========================================================================
Received Prepare
Registering precompiled user dll's ...
Registered in 0.004682 seconds.
Begin MonoManager ReloadAssembly
Symbol file LoadedFromMemory doesn't match image D:\git\Survive-From-Girlfriend\SFGF\Library\PackageCache\com.unity.visualscripting@1.7.8\Editor\VisualScripting.Core\Dependencies\YamlDotNet\Unity.VisualScripting.YamlDotNet.dll
Symbol file LoadedFromMemory doesn't match image D:\git\Survive-From-Girlfriend\SFGF\Library\PackageCache\com.unity.visualscripting@1.7.8\Editor\VisualScripting.Core\Dependencies\DotNetZip\Unity.VisualScripting.IonicZip.dll
Native extension for WindowsStandalone target not found
Native extension for WebGL target not found
Refreshing native plugins compatible for Editor in 1.54 ms, found 3 plugins.
Preloading 0 native plugins for Editor in 0.00 ms.
Mono: successfully reloaded assembly
- Completed reload, in  2.024 seconds
Domain Reload Profiling:
	ReloadAssembly (2027ms)
		BeginReloadAssembly (162ms)
			ExecutionOrderSort (0ms)
			DisableScriptedObjects (7ms)
			BackupInstance (0ms)
			ReleaseScriptingObjects (0ms)
			CreateAndSetChildDomain (50ms)
		EndReloadAssembly (1734ms)
			LoadAssemblies (105ms)
			RebuildTransferFunctionScriptingTraits (0ms)
			SetupTypeCache (515ms)
			ReleaseScriptCaches (4ms)
			RebuildScriptCaches (142ms)
			SetupLoadedEditorAssemblies (861ms)
				LogAssemblyErrors (0ms)
				InitializePlatformSupportModulesInManaged (25ms)
				SetLoadedEditorAssemblies (1ms)
				RefreshPlugins (2ms)
				BeforeProcessingInitializeOnLoad (182ms)
				ProcessInitializeOnLoadAttributes (500ms)
				ProcessInitializeOnLoadMethodAttributes (143ms)
				AfterProcessingInitializeOnLoad (7ms)
				EditorAssembliesLoaded (0ms)
			ExecutionOrderSort2 (0ms)
			AwakeInstancesAfterBackupRestoration (13ms)
Platform modules already initialized, skipping
Refreshing native plugins compatible for Editor in 2.41 ms, found 3 plugins.
Preloading 0 native plugins for Editor in 0.00 ms.
Unloading 5208 Unused Serialized files (Serialized files now loaded: 0)
Unloading 36 unused Assets / (2.4 MB). Loaded Objects now: 5795.
Memory consumption went from 195.7 MB to 193.3 MB.
Total: 6.125700 ms (FindLiveObjects: 0.548400 ms CreateObjectMapping: 1.395400 ms MarkObjects: 3.652900 ms  DeleteObjects: 0.527600 ms)

AssetImportParameters requested are different than current active one (requested -> active):
  custom:video-decoder-ogg-theora: a1e56fd34408186e4bbccfd4996cb3dc -> 
  custom:container-muxer-webm: aa71ff27fc2769a1b78a27578f13a17b -> 
  custom:container-demuxer-webm: 4f35f7cbe854078d1ac9338744f61a02 -> 
  custom:video-encoder-webm-vp8: eb34c28f22e8b96e1ab97ce403110664 -> 
  custom:video-codec-MediaFoundation-h265: 746d11721c4dcdbdad8f713fa42b33f4 -> 
  custom:audio-encoder-webm-vorbis: bf7c407c2cedff20999df2af8eb42d56 -> 
  custom:framework-win-MediaFoundation: 216162199b28c13a410421893ffa2e32 -> 
  custom:container-demuxer-ogg: 62fdf1f143b41e24485cea50d1cbac27 -> 
  custom:video-decoder-webm-vp8: 9c59270c3fd7afecdb556c50c9e8de78 -> 
  custom:audio-decoder-ogg-vorbis: bf7c407c2cedff20999df2af8eb42d56 -> 
========================================================================
Received Import Request.
  Time since last request: 342.441723 seconds.
  path: Assets/images/UI/buy.png
  artifactKey: Guid(5d551ad182722a340bee7229bd6afdc1) Importer(815301076,1909f56bfc062723c751e8b465ee728b)
Start importing Assets/images/UI/buy.png using Guid(5d551ad182722a340bee7229bd6afdc1) Importer(815301076,1909f56bfc062723c751e8b465ee728b)  -> (artifact id: '7c5679fd6c01297f52ae287b9afb7958') in 0.111851 seconds 
========================================================================
Received Import Request.
  Time since last request: 9.329340 seconds.
  path: Assets/images/UI/buy.png
  artifactKey: Guid(5d551ad182722a340bee7229bd6afdc1) Importer(815301076,1909f56bfc062723c751e8b465ee728b)
Start importing Assets/images/UI/buy.png using Guid(5d551ad182722a340bee7229bd6afdc1) Importer(815301076,1909f56bfc062723c751e8b465ee728b)  -> (artifact id: 'a1a6227f2687cbb761a3c2d1571e2d52') in 0.064232 seconds 
========================================================================
Received Prepare
Refreshing native plugins compatible for Editor in 1082.53 ms, found 3 plugins.
Preloading 0 native plugins for Editor in 0.00 ms.
Unloading 36 Unused Serialized files (Serialized files now loaded: 0)
Unloading 36 unused Assets / (2.4 MB). Loaded Objects now: 5798.
Memory consumption went from 91.4 MB to 89.0 MB.
Total: 5.239400 ms (FindLiveObjects: 0.421600 ms CreateObjectMapping: 0.345100 ms MarkObjects: 4.018600 ms  DeleteObjects: 0.453200 ms)

AssetImportParameters requested are different than current active one (requested -> active):
  custom:video-decoder-ogg-theora: a1e56fd34408186e4bbccfd4996cb3dc -> 
  custom:container-muxer-webm: aa71ff27fc2769a1b78a27578f13a17b -> 
  custom:container-demuxer-webm: 4f35f7cbe854078d1ac9338744f61a02 -> 
  custom:video-encoder-webm-vp8: eb34c28f22e8b96e1ab97ce403110664 -> 
  custom:video-codec-MediaFoundation-h265: 746d11721c4dcdbdad8f713fa42b33f4 -> 
  custom:audio-encoder-webm-vorbis: bf7c407c2cedff20999df2af8eb42d56 -> 
  custom:framework-win-MediaFoundation: 216162199b28c13a410421893ffa2e32 -> 
  custom:container-demuxer-ogg: 62fdf1f143b41e24485cea50d1cbac27 -> 
  custom:video-decoder-webm-vp8: 9c59270c3fd7afecdb556c50c9e8de78 -> 
  custom:audio-decoder-ogg-vorbis: bf7c407c2cedff20999df2af8eb42d56 -> 
========================================================================
Received Import Request.
  Time since last request: 1003.135750 seconds.
  path: Assets/Scenes/Manu.unity
  artifactKey: Guid(2091c037e591589419fdb2dea7b98887) Importer(815301076,1909f56bfc062723c751e8b465ee728b)
Start importing Assets/Scenes/Manu.unity using Guid(2091c037e591589419fdb2dea7b98887) Importer(815301076,1909f56bfc062723c751e8b465ee728b)  -> (artifact id: '4aa2f1a3b326d6c0768499733c662623') in 0.001957 seconds 
========================================================================
Received Import Request.
  Time since last request: 14.647568 seconds.
  path: Assets/images/Dead Screen And Front/A1.GIF
  artifactKey: Guid(526cbd0ae51226e4994c057b2b504d46) Importer(815301076,1909f56bfc062723c751e8b465ee728b)
Start importing Assets/images/Dead Screen And Front/A1.GIF using Guid(526cbd0ae51226e4994c057b2b504d46) Importer(815301076,1909f56bfc062723c751e8b465ee728b)  -> (artifact id: 'ec0874680435091e3666a3aff5fed983') in 0.132392 seconds 
========================================================================
Received Import Request.
  Time since last request: 0.000069 seconds.
  path: Assets/images/Dead Screen And Front/S1.GIF
  artifactKey: Guid(233375d4953cfcb4d9e7ce343e39bfd6) Importer(815301076,1909f56bfc062723c751e8b465ee728b)
Start importing Assets/images/Dead Screen And Front/S1.GIF using Guid(233375d4953cfcb4d9e7ce343e39bfd6) Importer(815301076,1909f56bfc062723c751e8b465ee728b)  -> (artifact id: 'dc69dafd24fdbbd54de6f9631d94d2f6') in 0.098757 seconds 
========================================================================
Received Import Request.
  Time since last request: 0.000054 seconds.
  path: Assets/images/Dead Screen And Front/S2.GIF
  artifactKey: Guid(b8e3dce727693ea43b03824c85ee6dc9) Importer(815301076,1909f56bfc062723c751e8b465ee728b)
Start importing Assets/images/Dead Screen And Front/S2.GIF using Guid(b8e3dce727693ea43b03824c85ee6dc9) Importer(815301076,1909f56bfc062723c751e8b465ee728b)  -> (artifact id: 'c0e6e133cc0e42177f0b2e12b2edd40d') in 0.076407 seconds 
========================================================================
Received Import Request.
  Time since last request: 0.000483 seconds.
  path: Assets/images/Dead Screen And Front/A3.GIF
  artifactKey: Guid(3c6d8a3adeed89540ad5f7c9d66ce038) Importer(815301076,1909f56bfc062723c751e8b465ee728b)
Start importing Assets/images/Dead Screen And Front/A3.GIF using Guid(3c6d8a3adeed89540ad5f7c9d66ce038) Importer(815301076,1909f56bfc062723c751e8b465ee728b)  -> (artifact id: 'ebbdc5511e92f96ff2c6a370f12709bf') in 0.042445 seconds 
========================================================================
Received Import Request.
  Time since last request: 0.000037 seconds.
  path: Assets/images/Dead Screen And Front/S3.GIF
  artifactKey: Guid(b063f6045e92ab9488cc4df1b1f18f91) Importer(815301076,1909f56bfc062723c751e8b465ee728b)
Start importing Assets/images/Dead Screen And Front/S3.GIF using Guid(b063f6045e92ab9488cc4df1b1f18f91) Importer(815301076,1909f56bfc062723c751e8b465ee728b)  -> (artifact id: '1778f790ddf2195cd4aed1efce7214e4') in 0.052096 seconds 
========================================================================
Received Import Request.
  Time since last request: 0.000040 seconds.
  path: Assets/images/Dead Screen And Front/A2.GIF
  artifactKey: Guid(ad218e4af880ce042aac6a8593636882) Importer(815301076,1909f56bfc062723c751e8b465ee728b)
Start importing Assets/images/Dead Screen And Front/A2.GIF using Guid(ad218e4af880ce042aac6a8593636882) Importer(815301076,1909f56bfc062723c751e8b465ee728b)  -> (artifact id: 'a5a4f992dbf4f62664d2fe5d2791569e') in 0.067599 seconds 
========================================================================
Received Import Request.
  Time since last request: 0.000036 seconds.
  path: Assets/images/Dead Screen And Front/BG.PNG
  artifactKey: Guid(d1596d2e8d3f6a24da2b7a623097eafc) Importer(815301076,1909f56bfc062723c751e8b465ee728b)
Start importing Assets/images/Dead Screen And Front/BG.PNG using Guid(d1596d2e8d3f6a24da2b7a623097eafc) Importer(815301076,1909f56bfc062723c751e8b465ee728b)  -> (artifact id: 'b86a6a61f96edf53a7d69da90ac6963d') in 0.042222 seconds 
========================================================================
Received Import Request.
  Time since last request: 143.962539 seconds.
  path: Assets/images/UI
  artifactKey: Guid(d27d3eb4b337a6a48bb6acd628c0b6e1) Importer(815301076,1909f56bfc062723c751e8b465ee728b)
Start importing Assets/images/UI using Guid(d27d3eb4b337a6a48bb6acd628c0b6e1) Importer(815301076,1909f56bfc062723c751e8b465ee728b)  -> (artifact id: '8ae4a28bfadf4cd2c58e2ceaf5bd9188') in 0.001185 seconds 
========================================================================
Received Import Request.
  Time since last request: 171.048321 seconds.
  path: Assets/Script/HowToPlay.cs
  artifactKey: Guid(b4cecb5cfe80e04449764c569f5cf1e7) Importer(815301076,1909f56bfc062723c751e8b465ee728b)
Start importing Assets/Script/HowToPlay.cs using Guid(b4cecb5cfe80e04449764c569f5cf1e7) Importer(815301076,1909f56bfc062723c751e8b465ee728b)  -> (artifact id: 'a71ca731001f6841163ab3e61ce8f6b9') in 0.089529 seconds 
========================================================================
Received Import Request.
  Time since last request: 225.630660 seconds.
  path: Assets/Script/HowToPlay.cs
  artifactKey: Guid(b4cecb5cfe80e04449764c569f5cf1e7) Importer(815301076,1909f56bfc062723c751e8b465ee728b)
Start importing Assets/Script/HowToPlay.cs using Guid(b4cecb5cfe80e04449764c569f5cf1e7) Importer(815301076,1909f56bfc062723c751e8b465ee728b)  -> (artifact id: '750f2f0e33c1263f90011277ab6aebb8') in 0.001789 seconds 
========================================================================
Received Prepare
Registering precompiled user dll's ...
Registered in 0.004886 seconds.
Begin MonoManager ReloadAssembly
Symbol file LoadedFromMemory doesn't match image D:\git\Survive-From-Girlfriend\SFGF\Library\PackageCache\com.unity.visualscripting@1.7.8\Editor\VisualScripting.Core\Dependencies\YamlDotNet\Unity.VisualScripting.YamlDotNet.dll
Symbol file LoadedFromMemory doesn't match image D:\git\Survive-From-Girlfriend\SFGF\Library\PackageCache\com.unity.visualscripting@1.7.8\Editor\VisualScripting.Core\Dependencies\DotNetZip\Unity.VisualScripting.IonicZip.dll
Native extension for WindowsStandalone target not found
Native extension for WebGL target not found
Refreshing native plugins compatible for Editor in 1.11 ms, found 3 plugins.
Preloading 0 native plugins for Editor in 0.00 ms.
Mono: successfully reloaded assembly
- Completed reload, in  1.847 seconds
Domain Reload Profiling:
	ReloadAssembly (1849ms)
		BeginReloadAssembly (418ms)
			ExecutionOrderSort (0ms)
			DisableScriptedObjects (14ms)
			BackupInstance (0ms)
			ReleaseScriptingObjects (0ms)
			CreateAndSetChildDomain (216ms)
		EndReloadAssembly (1288ms)
			LoadAssemblies (139ms)
			RebuildTransferFunctionScriptingTraits (0ms)
			SetupTypeCache (440ms)
			ReleaseScriptCaches (3ms)
			RebuildScriptCaches (92ms)
			SetupLoadedEditorAssemblies (589ms)
				LogAssemblyErrors (0ms)
				InitializePlatformSupportModulesInManaged (18ms)
				SetLoadedEditorAssemblies (1ms)
				RefreshPlugins (1ms)
				BeforeProcessingInitializeOnLoad (132ms)
				ProcessInitializeOnLoadAttributes (342ms)
				ProcessInitializeOnLoadMethodAttributes (92ms)
				AfterProcessingInitializeOnLoad (4ms)
				EditorAssembliesLoaded (0ms)
			ExecutionOrderSort2 (0ms)
			AwakeInstancesAfterBackupRestoration (7ms)
Platform modules already initialized, skipping
Refreshing native plugins compatible for Editor in 2.76 ms, found 3 plugins.
Preloading 0 native plugins for Editor in 0.00 ms.
Unloading 5208 Unused Serialized files (Serialized files now loaded: 0)
Unloading 36 unused Assets / (2.4 MB). Loaded Objects now: 5818.
Memory consumption went from 195.8 MB to 193.4 MB.
Total: 4.506700 ms (FindLiveObjects: 0.473400 ms CreateObjectMapping: 0.312900 ms MarkObjects: 3.279700 ms  DeleteObjects: 0.439800 ms)

AssetImportParameters requested are different than current active one (requested -> active):
  custom:video-decoder-ogg-theora: a1e56fd34408186e4bbccfd4996cb3dc -> 
  custom:container-muxer-webm: aa71ff27fc2769a1b78a27578f13a17b -> 
  custom:container-demuxer-webm: 4f35f7cbe854078d1ac9338744f61a02 -> 
  custom:video-encoder-webm-vp8: eb34c28f22e8b96e1ab97ce403110664 -> 
  custom:video-codec-MediaFoundation-h265: 746d11721c4dcdbdad8f713fa42b33f4 -> 
  custom:audio-encoder-webm-vorbis: bf7c407c2cedff20999df2af8eb42d56 -> 
  custom:framework-win-MediaFoundation: 216162199b28c13a410421893ffa2e32 -> 
  custom:container-demuxer-ogg: 62fdf1f143b41e24485cea50d1cbac27 -> 
  custom:video-decoder-webm-vp8: 9c59270c3fd7afecdb556c50c9e8de78 -> 
  custom:audio-decoder-ogg-vorbis: bf7c407c2cedff20999df2af8eb42d56 -> 
========================================================================
Received Import Request.
  Time since last request: 177.433612 seconds.
  path: Assets/Scenes/Play 1.unity
  artifactKey: Guid(5bc2c992c3657844b9255fc893cc1bd5) Importer(815301076,1909f56bfc062723c751e8b465ee728b)
Start importing Assets/Scenes/Play 1.unity using Guid(5bc2c992c3657844b9255fc893cc1bd5) Importer(815301076,1909f56bfc062723c751e8b465ee728b)  -> (artifact id: '146de8ab70f5923971e9f4c2b06d4012') in 0.019939 seconds 
========================================================================
Received Import Request.
  Time since last request: 0.573689 seconds.
  path: Assets/Scenes/Play.unity
  artifactKey: Guid(03211fa0f92319c45a46de8e49384537) Importer(815301076,1909f56bfc062723c751e8b465ee728b)
Start importing Assets/Scenes/Play.unity using Guid(03211fa0f92319c45a46de8e49384537) Importer(815301076,1909f56bfc062723c751e8b465ee728b)  -> (artifact id: '387808636b84c49b80c11361fe714292') in 0.001195 seconds 
========================================================================
Received Import Request.
  Time since last request: 0.356691 seconds.
  path: Assets/Scenes/End.unity
  artifactKey: Guid(cc23c591a34d93f45938afff5d9e5dfc) Importer(815301076,1909f56bfc062723c751e8b465ee728b)
Start importing Assets/Scenes/End.unity using Guid(cc23c591a34d93f45938afff5d9e5dfc) Importer(815301076,1909f56bfc062723c751e8b465ee728b)  -> (artifact id: '68325a0303466b4d44c8c5548503c42d') in 0.001540 seconds 
========================================================================
Received Import Request.
  Time since last request: 0.686808 seconds.
  path: Assets/Scenes/Manu.unity
  artifactKey: Guid(2091c037e591589419fdb2dea7b98887) Importer(815301076,1909f56bfc062723c751e8b465ee728b)
Start importing Assets/Scenes/Manu.unity using Guid(2091c037e591589419fdb2dea7b98887) Importer(815301076,1909f56bfc062723c751e8b465ee728b)  -> (artifact id: 'e4064c2914ade533d70e75ed27d98230') in 0.001319 seconds 
========================================================================
Received Import Request.
  Time since last request: 1014.880856 seconds.
  path: Assets/TextMesh Pro/Fonts/NotoSansThai-VariableFont_wdth,wght.ttf
  artifactKey: Guid(aafa27496b2ef584ead7d389b35ce2bb) Importer(815301076,1909f56bfc062723c751e8b465ee728b)
Start importing Assets/TextMesh Pro/Fonts/NotoSansThai-VariableFont_wdth,wght.ttf using Guid(aafa27496b2ef584ead7d389b35ce2bb) Importer(815301076,1909f56bfc062723c751e8b465ee728b)  -> (artifact id: 'bd3b9d0517e17b75eca0c7e49561cede') in 1.486367 seconds 
========================================================================
Received Import Request.
  Time since last request: 0.000057 seconds.
  path: Assets/TextMesh Pro/Examples & Extras/Resources/Fonts & Materials/Electronic Highway Sign SDF.asset
  artifactKey: Guid(dc36b3fdc14f47ebb36fd484a67e268a) Importer(815301076,1909f56bfc062723c751e8b465ee728b)
Start importing Assets/TextMesh Pro/Examples & Extras/Resources/Fonts & Materials/Electronic Highway Sign SDF.asset using Guid(dc36b3fdc14f47ebb36fd484a67e268a) Importer(815301076,1909f56bfc062723c751e8b465ee728b)  -> (artifact id: '100778288489d06861b833287dcb0d0b') in 0.214953 seconds 
========================================================================
Received Import Request.
  Time since last request: 0.000036 seconds.
  path: Assets/TextMesh Pro/Examples & Extras/Resources/Fonts & Materials/Bangers SDF.asset
  artifactKey: Guid(125cb55b44b24c4393181402bc6200e6) Importer(815301076,1909f56bfc062723c751e8b465ee728b)
Start importing Assets/TextMesh Pro/Examples & Extras/Resources/Fonts & Materials/Bangers SDF.asset using Guid(125cb55b44b24c4393181402bc6200e6) Importer(815301076,1909f56bfc062723c751e8b465ee728b)  -> (artifact id: '5c3e24fb9ce9907c4e9571eb76a36218') in 0.377775 seconds 
========================================================================
Received Import Request.
  Time since last request: 0.000028 seconds.
  path: Assets/TextMesh Pro/Resources/Fonts & Materials/LiberationSans SDF - Fallback.asset
  artifactKey: Guid(2e498d1c8094910479dc3e1b768306a4) Importer(815301076,1909f56bfc062723c751e8b465ee728b)
Start importing Assets/TextMesh Pro/Resources/Fonts & Materials/LiberationSans SDF - Fallback.asset using Guid(2e498d1c8094910479dc3e1b768306a4) Importer(815301076,1909f56bfc062723c751e8b465ee728b)  -> (artifact id: '36015602fd8a0ea2e9186cd7f8f4542d') in 0.131954 seconds 
========================================================================
Received Import Request.
  Time since last request: 0.050772 seconds.
  path: Assets/TextMesh Pro/Examples & Extras/Resources/Fonts & Materials/Anton SDF.asset
  artifactKey: Guid(8a89fa14b10d46a99122fd4f73fca9a2) Importer(815301076,1909f56bfc062723c751e8b465ee728b)
Start importing Assets/TextMesh Pro/Examples & Extras/Resources/Fonts & Materials/Anton SDF.asset using Guid(8a89fa14b10d46a99122fd4f73fca9a2) Importer(815301076,1909f56bfc062723c751e8b465ee728b)  -> (artifact id: 'f3414d7aa98453dc83bf11f51d2b7be8') in 0.096587 seconds 
========================================================================
Received Prepare
Registering precompiled user dll's ...
Registered in 0.004444 seconds.
Begin MonoManager ReloadAssembly
Symbol file LoadedFromMemory doesn't match image D:\git\Survive-From-Girlfriend\SFGF\Library\PackageCache\com.unity.visualscripting@1.7.8\Editor\VisualScripting.Core\Dependencies\YamlDotNet\Unity.VisualScripting.YamlDotNet.dll
Symbol file LoadedFromMemory doesn't match image D:\git\Survive-From-Girlfriend\SFGF\Library\PackageCache\com.unity.visualscripting@1.7.8\Editor\VisualScripting.Core\Dependencies\DotNetZip\Unity.VisualScripting.IonicZip.dll
Native extension for WindowsStandalone target not found
Native extension for WebGL target not found
Refreshing native plugins compatible for Editor in 1.12 ms, found 3 plugins.
Preloading 0 native plugins for Editor in 0.00 ms.
Mono: successfully reloaded assembly
- Completed reload, in  1.417 seconds
Domain Reload Profiling:
	ReloadAssembly (1418ms)
		BeginReloadAssembly (156ms)
			ExecutionOrderSort (0ms)
			DisableScriptedObjects (5ms)
			BackupInstance (0ms)
			ReleaseScriptingObjects (0ms)
			CreateAndSetChildDomain (50ms)
		EndReloadAssembly (1154ms)
			LoadAssemblies (102ms)
			RebuildTransferFunctionScriptingTraits (0ms)
			SetupTypeCache (360ms)
			ReleaseScriptCaches (3ms)
			RebuildScriptCaches (84ms)
			SetupLoadedEditorAssemblies (556ms)
				LogAssemblyErrors (0ms)
				InitializePlatformSupportModulesInManaged (15ms)
				SetLoadedEditorAssemblies (1ms)
				RefreshPlugins (1ms)
				BeforeProcessingInitializeOnLoad (115ms)
				ProcessInitializeOnLoadAttributes (324ms)
				ProcessInitializeOnLoadMethodAttributes (96ms)
				AfterProcessingInitializeOnLoad (4ms)
				EditorAssembliesLoaded (0ms)
			ExecutionOrderSort2 (0ms)
			AwakeInstancesAfterBackupRestoration (7ms)
Platform modules already initialized, skipping
Refreshing native plugins compatible for Editor in 2.40 ms, found 3 plugins.
Preloading 0 native plugins for Editor in 0.00 ms.
Unloading 5208 Unused Serialized files (Serialized files now loaded: 0)
Unloading 36 unused Assets / (2.4 MB). Loaded Objects now: 5874.
Memory consumption went from 196.2 MB to 193.8 MB.
Total: 117.162300 ms (FindLiveObjects: 0.458300 ms CreateObjectMapping: 0.351800 ms MarkObjects: 115.572400 ms  DeleteObjects: 0.778800 ms)

AssetImportParameters requested are different than current active one (requested -> active):
  custom:video-decoder-ogg-theora: a1e56fd34408186e4bbccfd4996cb3dc -> 
  custom:container-muxer-webm: aa71ff27fc2769a1b78a27578f13a17b -> 
  custom:container-demuxer-webm: 4f35f7cbe854078d1ac9338744f61a02 -> 
  custom:video-encoder-webm-vp8: eb34c28f22e8b96e1ab97ce403110664 -> 
  custom:video-codec-MediaFoundation-h265: 746d11721c4dcdbdad8f713fa42b33f4 -> 
  custom:audio-encoder-webm-vorbis: bf7c407c2cedff20999df2af8eb42d56 -> 
  custom:framework-win-MediaFoundation: 216162199b28c13a410421893ffa2e32 -> 
  custom:container-demuxer-ogg: 62fdf1f143b41e24485cea50d1cbac27 -> 
  custom:video-decoder-webm-vp8: 9c59270c3fd7afecdb556c50c9e8de78 -> 
  custom:audio-decoder-ogg-vorbis: bf7c407c2cedff20999df2af8eb42d56 -> 
========================================================================
Received Prepare
Refreshing native plugins compatible for Editor in 4.47 ms, found 3 plugins.
Preloading 0 native plugins for Editor in 0.00 ms.
Unloading 36 Unused Serialized files (Serialized files now loaded: 0)
Unloading 36 unused Assets / (2.4 MB). Loaded Objects now: 5874.
Memory consumption went from 91.8 MB to 89.4 MB.
Total: 8.546600 ms (FindLiveObjects: 0.597900 ms CreateObjectMapping: 0.535700 ms MarkObjects: 6.541700 ms  DeleteObjects: 0.869600 ms)

AssetImportParameters requested are different than current active one (requested -> active):
  custom:video-decoder-ogg-theora: a1e56fd34408186e4bbccfd4996cb3dc -> 
  custom:container-muxer-webm: aa71ff27fc2769a1b78a27578f13a17b -> 
  custom:container-demuxer-webm: 4f35f7cbe854078d1ac9338744f61a02 -> 
  custom:video-encoder-webm-vp8: eb34c28f22e8b96e1ab97ce403110664 -> 
  custom:video-codec-MediaFoundation-h265: 746d11721c4dcdbdad8f713fa42b33f4 -> 
  custom:audio-encoder-webm-vorbis: bf7c407c2cedff20999df2af8eb42d56 -> 
  custom:framework-win-MediaFoundation: 216162199b28c13a410421893ffa2e32 -> 
  custom:container-demuxer-ogg: 62fdf1f143b41e24485cea50d1cbac27 -> 
  custom:video-decoder-webm-vp8: 9c59270c3fd7afecdb556c50c9e8de78 -> 
  custom:audio-decoder-ogg-vorbis: bf7c407c2cedff20999df2af8eb42d56 -> 
========================================================================
Received Import Request.
  Time since last request: 687.336708 seconds.
  path: Assets/Scenes/End.unity
  artifactKey: Guid(cc23c591a34d93f45938afff5d9e5dfc) Importer(815301076,1909f56bfc062723c751e8b465ee728b)
Start importing Assets/Scenes/End.unity using Guid(cc23c591a34d93f45938afff5d9e5dfc) Importer(815301076,1909f56bfc062723c751e8b465ee728b)  -> (artifact id: '84cb2d520835e9ce3ca52c5f00939bac') in 0.003708 seconds 
========================================================================
Received Import Request.
  Time since last request: 68.777259 seconds.
  path: Assets/Scenes/Play.unity
  artifactKey: Guid(03211fa0f92319c45a46de8e49384537) Importer(815301076,1909f56bfc062723c751e8b465ee728b)
Start importing Assets/Scenes/Play.unity using Guid(03211fa0f92319c45a46de8e49384537) Importer(815301076,1909f56bfc062723c751e8b465ee728b)  -> (artifact id: 'fde669e1fb5e593719dd1145ae5c4853') in 0.001341 seconds 
========================================================================
Received Prepare
Refreshing native plugins compatible for Editor in 6.10 ms, found 3 plugins.
Preloading 0 native plugins for Editor in 0.00 ms.
Unloading 36 Unused Serialized files (Serialized files now loaded: 0)
Unloading 36 unused Assets / (2.4 MB). Loaded Objects now: 5874.
Memory consumption went from 91.9 MB to 89.5 MB.
Total: 7.724000 ms (FindLiveObjects: 0.731100 ms CreateObjectMapping: 0.671900 ms MarkObjects: 5.746400 ms  DeleteObjects: 0.573500 ms)

AssetImportParameters requested are different than current active one (requested -> active):
  custom:video-decoder-ogg-theora: a1e56fd34408186e4bbccfd4996cb3dc -> 
  custom:container-muxer-webm: aa71ff27fc2769a1b78a27578f13a17b -> 
  custom:container-demuxer-webm: 4f35f7cbe854078d1ac9338744f61a02 -> 
  custom:video-encoder-webm-vp8: eb34c28f22e8b96e1ab97ce403110664 -> 
  custom:video-codec-MediaFoundation-h265: 746d11721c4dcdbdad8f713fa42b33f4 -> 
  custom:audio-encoder-webm-vorbis: bf7c407c2cedff20999df2af8eb42d56 -> 
  custom:framework-win-MediaFoundation: 216162199b28c13a410421893ffa2e32 -> 
  custom:container-demuxer-ogg: 62fdf1f143b41e24485cea50d1cbac27 -> 
  custom:video-decoder-webm-vp8: 9c59270c3fd7afecdb556c50c9e8de78 -> 
  custom:audio-decoder-ogg-vorbis: bf7c407c2cedff20999df2af8eb42d56 -> 
========================================================================
Received Import Request.
  Time since last request: 457.540003 seconds.
  path: Assets/Scenes/Play.unity
  artifactKey: Guid(03211fa0f92319c45a46de8e49384537) Importer(815301076,1909f56bfc062723c751e8b465ee728b)
Start importing Assets/Scenes/Play.unity using Guid(03211fa0f92319c45a46de8e49384537) Importer(815301076,1909f56bfc062723c751e8b465ee728b)  -> (artifact id: '4cadacaecd1e55c77ca06ff691d54cb3') in 0.001597 seconds 
========================================================================
Received Import Request.
  Time since last request: 2.070227 seconds.
  path: Assets/Scenes/Manu.unity
  artifactKey: Guid(2091c037e591589419fdb2dea7b98887) Importer(815301076,1909f56bfc062723c751e8b465ee728b)
Start importing Assets/Scenes/Manu.unity using Guid(2091c037e591589419fdb2dea7b98887) Importer(815301076,1909f56bfc062723c751e8b465ee728b)  -> (artifact id: '7ed2e111fd533b71dce9e1a4a06a3ce0') in 0.001603 seconds 
========================================================================
Received Prepare
Refreshing native plugins compatible for Editor in 4.56 ms, found 3 plugins.
Preloading 0 native plugins for Editor in 0.00 ms.
Unloading 36 Unused Serialized files (Serialized files now loaded: 0)
Unloading 36 unused Assets / (2.4 MB). Loaded Objects now: 5874.
Memory consumption went from 91.9 MB to 89.5 MB.
Total: 8.692100 ms (FindLiveObjects: 0.609300 ms CreateObjectMapping: 0.575600 ms MarkObjects: 6.953600 ms  DeleteObjects: 0.552400 ms)

AssetImportParameters requested are different than current active one (requested -> active):
  custom:video-decoder-ogg-theora: a1e56fd34408186e4bbccfd4996cb3dc -> 
  custom:container-muxer-webm: aa71ff27fc2769a1b78a27578f13a17b -> 
  custom:container-demuxer-webm: 4f35f7cbe854078d1ac9338744f61a02 -> 
  custom:video-encoder-webm-vp8: eb34c28f22e8b96e1ab97ce403110664 -> 
  custom:video-codec-MediaFoundation-h265: 746d11721c4dcdbdad8f713fa42b33f4 -> 
  custom:audio-encoder-webm-vorbis: bf7c407c2cedff20999df2af8eb42d56 -> 
  custom:framework-win-MediaFoundation: 216162199b28c13a410421893ffa2e32 -> 
  custom:container-demuxer-ogg: 62fdf1f143b41e24485cea50d1cbac27 -> 
  custom:video-decoder-webm-vp8: 9c59270c3fd7afecdb556c50c9e8de78 -> 
  custom:audio-decoder-ogg-vorbis: bf7c407c2cedff20999df2af8eb42d56 -> 
